<?xml version="1.0" encoding="UTF-8"?>
<testsuite xmlns:xsi="http://www.w3.org/2001/XMLSchema-instance" xsi:noNamespaceSchemaLocation="https://maven.apache.org/surefire/maven-surefire-plugin/xsd/surefire-test-report-3.0.xsd" version="3.0" name="com.sorting.StudentSortingTest" time="0.529" tests="10" errors="0" skipped="0" failures="0">
  <properties>
[...]
</properties>
  <testcase name="testNumberOfCoursesSort" classname="com.sorting.StudentSortingTest" time="0.266">
    <system-out><![CDATA[
Generated Test Students:
------------------------
Student ID: 9269
Name: Lhyzdjsbyx Iacpprrzvztlg
Birth Date: 2002-06-03
GPA: 2.841842162649672
Address: Address{street='Oxford St', city='London', postalCode='W1D 2', country='UK'}
Number of Courses: 3
------------------------
Student ID: 2853
Name: Ppeinkuybc Mpltq
Birth Date: 1999-06-03
GPA: 1.6130816992881751
Address: Address{street='Main St', city='New York', postalCode='10001', country='USA'}
Number of Courses: 3
------------------------
Student ID: 3605
Name: Rvpjz Udhreyzdktqz
Birth Date: 1998-06-03
GPA: 1.0225263732540468
Address: Address{street='Main St', city='New York', postalCode='10001', country='USA'}
Number of Courses: 4
------------------------
Student ID: 8336
Name: Qebhmxw Uzksptjpxxzvnm
Birth Date: 2002-06-03
GPA: 1.8014651618383362
Address: Address{street='Champs-Élysées', city='Paris', postalCode='75008', country='France'}
Number of Courses: 1
------------------------
Student ID: 5092
Name: Ucstjjmsdj Zbeecmpuyslnm
Birth Date: 2002-06-03
GPA: 3.0394355718034434
Address: Address{street='Champs-Élysées', city='Paris', postalCode='75008', country='France'}
Number of Courses: 1
------------------------
Student ID: 1035
Name: Yibxo Qdnobjmbhfuftsp
Birth Date: 2002-06-03
GPA: 1.4571541758996387
Address: Address{street='Market St', city='San Francisco', postalCode='94105', country='USA'}
Number of Courses: 2
------------------------
Student ID: 3793
Name: Slbfa Dnmyfkaloblz
Birth Date: 2007-06-03
GPA: 2.771013642718044
Address: Address{street='Broadway', city='Chicago', postalCode='60601', country='USA'}
Number of Courses: 4
------------------------
Student ID: 4694
Name: Wzvcpl Yrtbajjhbkp
Birth Date: 1999-06-03
GPA: 3.782787855812705
Address: Address{street='Broadway', city='Chicago', postalCode='60601', country='USA'}
Number of Courses: 1
------------------------
Student ID: 4474
Name: Umnwtsclao Civkultb
Birth Date: 2001-06-03
GPA: 2.7260249927273223
Address: Address{street='Oxford St', city='London', postalCode='W1D 2', country='UK'}
Number of Courses: 4
------------------------
Student ID: 9425
Name: Ikhkslamt Wnbmvdkvao
Birth Date: 1998-06-03
GPA: 2.344226958220842
Address: Address{street='Oxford St', city='London', postalCode='W1D 2', country='UK'}
Number of Courses: 2
------------------------
Student ID: 5604
Name: Qwlvyknpup Xubfcfnvtntvvlp
Birth Date: 2004-06-03
GPA: 3.8170227924859965
Address: Address{street='Champs-Élysées', city='Paris', postalCode='75008', country='France'}
Number of Courses: 1
------------------------
Student ID: 2010
Name: Gdygygflno Ppcpt
Birth Date: 2002-06-03
GPA: 2.739444995443054
Address: Address{street='Champs-Élysées', city='Paris', postalCode='75008', country='France'}
Number of Courses: 1
------------------------
Student ID: 1063
Name: Nuqes Tbqueupfczhqxi
Birth Date: 2005-06-03
GPA: 2.503627227232827
Address: Address{street='Broadway', city='Chicago', postalCode='60601', country='USA'}
Number of Courses: 2
------------------------
Student ID: 4039
Name: Vuyukbpqko Igeben
Birth Date: 1999-06-03
GPA: 3.2170302487271907
Address: Address{street='Champs-Élysées', city='Paris', postalCode='75008', country='France'}
Number of Courses: 3
------------------------
Student ID: 7109
Name: Kiixsovrwq Thfvfrhy
Birth Date: 2003-06-03
GPA: 3.8701952692661097
Address: Address{street='Broadway', city='Chicago', postalCode='60601', country='USA'}
Number of Courses: 4
------------------------
Student ID: 5473
Name: Dsotyhi Auxpbegwgqnige
Birth Date: 2006-06-03
GPA: 2.157658467173165
Address: Address{street='Main St', city='New York', postalCode='10001', country='USA'}
Number of Courses: 3
------------------------
Student ID: 7781
Name: Trxotnms Hrjfkwfgvy
Birth Date: 2001-06-03
GPA: 3.7592801431185405
Address: Address{street='Champs-Élysées', city='Paris', postalCode='75008', country='France'}
Number of Courses: 4
------------------------
Student ID: 7520
Name: Nsdzd Xygabmw
Birth Date: 1998-06-03
GPA: 3.5186100743309465
Address: Address{street='Broadway', city='Chicago', postalCode='60601', country='USA'}
Number of Courses: 3
------------------------
Student ID: 4509
Name: Oaapczgca Zijqzm
Birth Date: 2005-06-03
GPA: 1.0496702091863752
Address: Address{street='Champs-Élysées', city='Paris', postalCode='75008', country='France'}
Number of Courses: 1
------------------------
Student ID: 4187
Name: Jqqobttw Kvkjbfnhfbnn
Birth Date: 2002-06-03
GPA: 2.565257375859415
Address: Address{street='Market St', city='San Francisco', postalCode='94105', country='USA'}
Number of Courses: 2
------------------------
Student ID: 1952
Name: Xasoba Ldzymhuictypn
Birth Date: 2005-06-03
GPA: 1.286711977759174
Address: Address{street='Main St', city='New York', postalCode='10001', country='USA'}
Number of Courses: 3
------------------------
Student ID: 9660
Name: Mrzazy Maagcr
Birth Date: 2007-06-03
GPA: 2.880093482637544
Address: Address{street='Main St', city='New York', postalCode='10001', country='USA'}
Number of Courses: 2
------------------------
Student ID: 5732
Name: Kfblda Rayat
Birth Date: 1999-06-03
GPA: 1.5907999498173842
Address: Address{street='Oxford St', city='London', postalCode='W1D 2', country='UK'}
Number of Courses: 2
------------------------
Student ID: 2628
Name: Uzzhyfwg Pedkbzlxwogtjde
Birth Date: 1999-06-03
GPA: 3.381099546507675
Address: Address{street='Main St', city='New York', postalCode='10001', country='USA'}
Number of Courses: 1
------------------------
Student ID: 1605
Name: Xmkaoheif Zczwmokvxekuyg
Birth Date: 2004-06-03
GPA: 1.325632276048244
Address: Address{street='Champs-Élysées', city='Paris', postalCode='75008', country='France'}
Number of Courses: 4
------------------------
Student ID: 4995
Name: Cwcdxwfvx Owgsmhwttwmuw
Birth Date: 2000-06-03
GPA: 1.3966907664718389
Address: Address{street='Market St', city='San Francisco', postalCode='94105', country='USA'}
Number of Courses: 1
------------------------
Student ID: 4092
Name: Mvlxqgfvhl Ocasuktxtack
Birth Date: 2002-06-03
GPA: 1.7150609739805558
Address: Address{street='Oxford St', city='London', postalCode='W1D 2', country='UK'}
Number of Courses: 2
------------------------
Student ID: 2521
Name: Dvrzhny Izjubsnn
Birth Date: 2002-06-03
GPA: 2.19588645806523
Address: Address{street='Main St', city='New York', postalCode='10001', country='USA'}
Number of Courses: 1
------------------------
Student ID: 9429
Name: Ojwjzeuzt Undeyyunrxxq
Birth Date: 2004-06-03
GPA: 1.6899256893600518
Address: Address{street='Market St', city='San Francisco', postalCode='94105', country='USA'}
Number of Courses: 4
------------------------
Student ID: 6849
Name: Nefdyi Ntdrlofjan
Birth Date: 2005-06-03
GPA: 1.9577996216632614
Address: Address{street='Champs-Élysées', city='Paris', postalCode='75008', country='France'}
Number of Courses: 1
------------------------
Student ID: 3926
Name: Yaayoisxlp Eneywfyljjwl
Birth Date: 1999-06-03
GPA: 1.2570856481718977
Address: Address{street='Champs-Élysées', city='Paris', postalCode='75008', country='France'}
Number of Courses: 2
------------------------
Student ID: 2210
Name: Hgiljt Inirnyrye
Birth Date: 2002-06-03
GPA: 3.466228680323846
Address: Address{street='Broadway', city='Chicago', postalCode='60601', country='USA'}
Number of Courses: 4
------------------------
Student ID: 8774
Name: Xiacarmg Wnfclo
Birth Date: 2001-06-03
GPA: 3.0273122626467446
Address: Address{street='Main St', city='New York', postalCode='10001', country='USA'}
Number of Courses: 1
------------------------
Student ID: 2319
Name: Rxugngtn Vhnjrua
Birth Date: 2004-06-03
GPA: 1.4258770508928085
Address: Address{street='Main St', city='New York', postalCode='10001', country='USA'}
Number of Courses: 2
------------------------
Student ID: 3430
Name: Potvcv Vphtd
Birth Date: 2000-06-03
GPA: 1.3631434407002851
Address: Address{street='Main St', city='New York', postalCode='10001', country='USA'}
Number of Courses: 2
------------------------
Student ID: 7693
Name: Cnlhs Jgqbdbnz
Birth Date: 2002-06-03
GPA: 2.9075116293488215
Address: Address{street='Oxford St', city='London', postalCode='W1D 2', country='UK'}
Number of Courses: 1
------------------------
Student ID: 2069
Name: Xrtkgald Goiihqieej
Birth Date: 2001-06-03
GPA: 2.0758752375071747
Address: Address{street='Champs-Élysées', city='Paris', postalCode='75008', country='France'}
Number of Courses: 4
------------------------
Student ID: 3022
Name: Qddxu Mynukmd
Birth Date: 2001-06-03
GPA: 1.6510383924315732
Address: Address{street='Oxford St', city='London', postalCode='W1D 2', country='UK'}
Number of Courses: 3
------------------------
Student ID: 2933
Name: Aclbzy Kzdhrpfbad
Birth Date: 2004-06-03
GPA: 1.1036148964432329
Address: Address{street='Champs-Élysées', city='Paris', postalCode='75008', country='France'}
Number of Courses: 2
------------------------
Student ID: 5251
Name: Rpekrv Vwjtkwl
Birth Date: 1999-06-03
GPA: 3.0941797505279327
Address: Address{street='Broadway', city='Chicago', postalCode='60601', country='USA'}
Number of Courses: 1
------------------------
Student ID: 9929
Name: Svjwyxllq Xopawu
Birth Date: 2000-06-03
GPA: 2.3288068418700387
Address: Address{street='Market St', city='San Francisco', postalCode='94105', country='USA'}
Number of Courses: 2
------------------------
Student ID: 9564
Name: Tnordpj Yvhqrsiemsbltct
Birth Date: 2002-06-03
GPA: 2.4384007711225717
Address: Address{street='Market St', city='San Francisco', postalCode='94105', country='USA'}
Number of Courses: 4
------------------------
Student ID: 2173
Name: Ljalub Rgpmyqbnkujec
Birth Date: 2004-06-03
GPA: 2.651207042392209
Address: Address{street='Champs-Élysées', city='Paris', postalCode='75008', country='France'}
Number of Courses: 3
------------------------
Student ID: 9655
Name: Hnjjoo Jbdvsfoqbofwx
Birth Date: 1998-06-03
GPA: 3.5964633293514057
Address: Address{street='Broadway', city='Chicago', postalCode='60601', country='USA'}
Number of Courses: 2
------------------------
Student ID: 7904
Name: Pkaplltf Wtwvnruce
Birth Date: 2005-06-03
GPA: 2.599323627480975
Address: Address{street='Champs-Élysées', city='Paris', postalCode='75008', country='France'}
Number of Courses: 1
------------------------
Student ID: 5154
Name: Pryqpkj Qjvmdlwzer
Birth Date: 2006-06-03
GPA: 1.177747505697306
Address: Address{street='Market St', city='San Francisco', postalCode='94105', country='USA'}
Number of Courses: 1
------------------------
Student ID: 2743
Name: Latdsbu Dcvuyfpudef
Birth Date: 2004-06-03
GPA: 1.5586952104885374
Address: Address{street='Oxford St', city='London', postalCode='W1D 2', country='UK'}
Number of Courses: 3
------------------------
Student ID: 4561
Name: Txttn Vykucjjrljnbha
Birth Date: 2004-06-03
GPA: 1.7735061288586276
Address: Address{street='Market St', city='San Francisco', postalCode='94105', country='USA'}
Number of Courses: 3
------------------------
Student ID: 5176
Name: Zohksevui Ldkwcfpfuh
Birth Date: 2006-06-03
GPA: 2.3301781170436437
Address: Address{street='Market St', city='San Francisco', postalCode='94105', country='USA'}
Number of Courses: 2
------------------------
Student ID: 6383
Name: Iuuaszdvll Bnexozwgg
Birth Date: 2005-06-03
GPA: 3.0810815888878405
Address: Address{street='Oxford St', city='London', postalCode='W1D 2', country='UK'}
Number of Courses: 4
------------------------
Student ID: 8568
Name: Ikmqwl Wskzgakdreqqq
Birth Date: 2007-06-03
GPA: 3.4525837822213163
Address: Address{street='Market St', city='San Francisco', postalCode='94105', country='USA'}
Number of Courses: 2
------------------------
Student ID: 5755
Name: Weozmkced Hnwiajxr
Birth Date: 2003-06-03
GPA: 1.856249819622883
Address: Address{street='Oxford St', city='London', postalCode='W1D 2', country='UK'}
Number of Courses: 4
------------------------
Student ID: 2067
Name: Tozpqhzdtb Sjdprksebmelpd
Birth Date: 2004-06-03
GPA: 3.7185027290038204
Address: Address{street='Main St', city='New York', postalCode='10001', country='USA'}
Number of Courses: 3
------------------------
Student ID: 1403
Name: Ipbticm Kcsxdgfk
Birth Date: 2006-06-03
GPA: 2.811438477281068
Address: Address{street='Champs-Élysées', city='Paris', postalCode='75008', country='France'}
Number of Courses: 4
------------------------
Student ID: 8565
Name: Mcyncqxjzy Knhvhnnmjugsm
Birth Date: 2007-06-03
GPA: 2.696163060572093
Address: Address{street='Main St', city='New York', postalCode='10001', country='USA'}
Number of Courses: 2
------------------------
Student ID: 3877
Name: Uiqvdfh Tsltt
Birth Date: 2006-06-03
GPA: 3.467404572275448
Address: Address{street='Oxford St', city='London', postalCode='W1D 2', country='UK'}
Number of Courses: 2
------------------------
Student ID: 5016
Name: Deatjije Xfnqcw
Birth Date: 2000-06-03
GPA: 2.6785713523523187
Address: Address{street='Main St', city='New York', postalCode='10001', country='USA'}
Number of Courses: 1
------------------------
Student ID: 3927
Name: Wfivaxjo Psqzb
Birth Date: 2005-06-03
GPA: 3.956129960756073
Address: Address{street='Oxford St', city='London', postalCode='W1D 2', country='UK'}
Number of Courses: 4
------------------------
Student ID: 5355
Name: Njgwmrgyqz Nvncjmqfaxixyup
Birth Date: 2004-06-03
GPA: 3.0262118130349935
Address: Address{street='Main St', city='New York', postalCode='10001', country='USA'}
Number of Courses: 3
------------------------
Student ID: 5886
Name: Mnqpaw Nngemtlf
Birth Date: 1998-06-03
GPA: 1.453677326288095
Address: Address{street='Broadway', city='Chicago', postalCode='60601', country='USA'}
Number of Courses: 4
------------------------
Student ID: 1306
Name: Jvzkrdmbzb Fqdqyii
Birth Date: 2006-06-03
GPA: 2.013975688722609
Address: Address{street='Main St', city='New York', postalCode='10001', country='USA'}
Number of Courses: 3
------------------------
Student ID: 9795
Name: Fbqfg Pacyvlrkybgc
Birth Date: 1998-06-03
GPA: 1.7671661655055342
Address: Address{street='Broadway', city='Chicago', postalCode='60601', country='USA'}
Number of Courses: 4
------------------------
Student ID: 7286
Name: Qsgni Qpoucudryhglvkb
Birth Date: 1999-06-03
GPA: 3.2385033800873875
Address: Address{street='Market St', city='San Francisco', postalCode='94105', country='USA'}
Number of Courses: 4
------------------------
Student ID: 3922
Name: Rwelkixbqb Vipsnqzzh
Birth Date: 2004-06-03
GPA: 1.7294806921167396
Address: Address{street='Main St', city='New York', postalCode='10001', country='USA'}
Number of Courses: 2
------------------------
Student ID: 4183
Name: Gixza Hwbuiaedmewhds
Birth Date: 2005-06-03
GPA: 2.3119699151144655
Address: Address{street='Champs-Élysées', city='Paris', postalCode='75008', country='France'}
Number of Courses: 3
------------------------
Student ID: 5516
Name: Fzusxy Kbfbfsmavvrae
Birth Date: 2003-06-03
GPA: 2.5311948305646785
Address: Address{street='Main St', city='New York', postalCode='10001', country='USA'}
Number of Courses: 2
------------------------
Student ID: 1224
Name: Ofchubkpby Aebzbcmkzxsliay
Birth Date: 2005-06-03
GPA: 1.3485658608706708
Address: Address{street='Broadway', city='Chicago', postalCode='60601', country='USA'}
Number of Courses: 2
------------------------
Student ID: 5458
Name: Gyxqhof Sixqxevvlobhp
Birth Date: 1998-06-03
GPA: 1.5529255899718186
Address: Address{street='Broadway', city='Chicago', postalCode='60601', country='USA'}
Number of Courses: 3
------------------------
Student ID: 3594
Name: Tquob Dvyyoggbbxgi
Birth Date: 2002-06-03
GPA: 2.8013760284473683
Address: Address{street='Main St', city='New York', postalCode='10001', country='USA'}
Number of Courses: 1
------------------------
Student ID: 6619
Name: Bgvpy Pnzylvsis
Birth Date: 2006-06-03
GPA: 1.233836578285131
Address: Address{street='Market St', city='San Francisco', postalCode='94105', country='USA'}
Number of Courses: 3
------------------------
Student ID: 2575
Name: Oekrjflhia Ojudni
Birth Date: 2007-06-03
GPA: 2.419547099968165
Address: Address{street='Oxford St', city='London', postalCode='W1D 2', country='UK'}
Number of Courses: 4
------------------------
Student ID: 6421
Name: Qgslr Vjkqouym
Birth Date: 2001-06-03
GPA: 2.7186231823717932
Address: Address{street='Broadway', city='Chicago', postalCode='60601', country='USA'}
Number of Courses: 3
------------------------
Student ID: 4858
Name: Tilyx Txfvqilgwui
Birth Date: 2003-06-03
GPA: 3.7670738752345123
Address: Address{street='Market St', city='San Francisco', postalCode='94105', country='USA'}
Number of Courses: 4
------------------------
Student ID: 1743
Name: Lpyejqrhi Wvvzdcyiguk
Birth Date: 1999-06-03
GPA: 2.8715782219336847
Address: Address{street='Market St', city='San Francisco', postalCode='94105', country='USA'}
Number of Courses: 1
------------------------
Student ID: 5484
Name: Ywrdivlcna Oibhsgcysyuynnz
Birth Date: 2005-06-03
GPA: 1.0803687803457378
Address: Address{street='Broadway', city='Chicago', postalCode='60601', country='USA'}
Number of Courses: 3
------------------------
Student ID: 2344
Name: Gqwxir Eifntxzycnlkf
Birth Date: 2004-06-03
GPA: 3.4300922790155055
Address: Address{street='Market St', city='San Francisco', postalCode='94105', country='USA'}
Number of Courses: 4
------------------------
Student ID: 9858
Name: Hiyre Pztxm
Birth Date: 2002-06-03
GPA: 2.1346498953221986
Address: Address{street='Broadway', city='Chicago', postalCode='60601', country='USA'}
Number of Courses: 3
------------------------
Student ID: 1598
Name: Shknoil Irdkuvamavzaj
Birth Date: 2005-06-03
GPA: 1.705523078017007
Address: Address{street='Broadway', city='Chicago', postalCode='60601', country='USA'}
Number of Courses: 2
------------------------
Student ID: 3783
Name: Qbxsqxxg Ipfyexoivauxov
Birth Date: 2002-06-03
GPA: 2.396732495604064
Address: Address{street='Champs-Élysées', city='Paris', postalCode='75008', country='France'}
Number of Courses: 1
------------------------
Student ID: 9458
Name: Fxncxqia Siwpzvpvnpr
Birth Date: 2000-06-03
GPA: 1.9325547335307651
Address: Address{street='Market St', city='San Francisco', postalCode='94105', country='USA'}
Number of Courses: 4
------------------------
Student ID: 9532
Name: Oshokya Clgurl
Birth Date: 2007-06-03
GPA: 2.071259843104669
Address: Address{street='Oxford St', city='London', postalCode='W1D 2', country='UK'}
Number of Courses: 4
------------------------
Student ID: 5893
Name: Htkvsox Qtdddamsyr
Birth Date: 2000-06-03
GPA: 2.779182132543765
Address: Address{street='Oxford St', city='London', postalCode='W1D 2', country='UK'}
Number of Courses: 3
------------------------
Student ID: 2943
Name: Eauthcl Bsmhskxr
Birth Date: 2004-06-03
GPA: 3.301206267346582
Address: Address{street='Broadway', city='Chicago', postalCode='60601', country='USA'}
Number of Courses: 4
------------------------
Student ID: 3032
Name: Dkwxpffoc Qxfhpvbzowgxsyh
Birth Date: 2007-06-03
GPA: 2.3767498634204447
Address: Address{street='Market St', city='San Francisco', postalCode='94105', country='USA'}
Number of Courses: 4
------------------------
Student ID: 7127
Name: Gswtduehgl Oipsdqfauwpai
Birth Date: 2002-06-03
GPA: 3.740028661683456
Address: Address{street='Main St', city='New York', postalCode='10001', country='USA'}
Number of Courses: 2
------------------------
Student ID: 8576
Name: Pgsonf Vtxkkztbwafuss
Birth Date: 2003-06-03
GPA: 1.2616248915445536
Address: Address{street='Main St', city='New York', postalCode='10001', country='USA'}
Number of Courses: 4
------------------------
Student ID: 6666
Name: Ehfkath Ljlbeqkw
Birth Date: 2001-06-03
GPA: 2.2913075497399986
Address: Address{street='Oxford St', city='London', postalCode='W1D 2', country='UK'}
Number of Courses: 3
------------------------
Student ID: 6468
Name: Kufemq Mkbmjowsdmrkhad
Birth Date: 2004-06-03
GPA: 1.2118158428768853
Address: Address{street='Oxford St', city='London', postalCode='W1D 2', country='UK'}
Number of Courses: 4
------------------------
Student ID: 6150
Name: Aquqxke Izjaqmbtmsygfmr
Birth Date: 2004-06-03
GPA: 3.140244454444917
Address: Address{street='Broadway', city='Chicago', postalCode='60601', country='USA'}
Number of Courses: 3
------------------------
Student ID: 3592
Name: Lhdiwke Ndlvgfzko
Birth Date: 2005-06-03
GPA: 2.319647754604952
Address: Address{street='Champs-Élysées', city='Paris', postalCode='75008', country='France'}
Number of Courses: 3
------------------------
Student ID: 9940
Name: Coozhwfpb Wxmkoglaeemsm
Birth Date: 2006-06-03
GPA: 3.0421733515957228
Address: Address{street='Broadway', city='Chicago', postalCode='60601', country='USA'}
Number of Courses: 3
------------------------
Student ID: 2027
Name: Hhxnxv Ecljqyinpwoz
Birth Date: 2002-06-03
GPA: 1.1357868080779898
Address: Address{street='Market St', city='San Francisco', postalCode='94105', country='USA'}
Number of Courses: 1
------------------------
Student ID: 2804
Name: Pgimzerctn Kcwkpnjtvzsr
Birth Date: 2004-06-03
GPA: 2.922871701615225
Address: Address{street='Main St', city='New York', postalCode='10001', country='USA'}
Number of Courses: 3
------------------------
Student ID: 1784
Name: Izsnaxhk Mcdadywfayesnef
Birth Date: 2001-06-03
GPA: 3.4758721587105668
Address: Address{street='Main St', city='New York', postalCode='10001', country='USA'}
Number of Courses: 3
------------------------
Student ID: 6523
Name: Mnyhzzm Xcrnhllgiynb
Birth Date: 2003-06-03
GPA: 3.275037929543508
Address: Address{street='Market St', city='San Francisco', postalCode='94105', country='USA'}
Number of Courses: 1
------------------------
Student ID: 6542
Name: Gswcrudtu Zixuyhmofxshovl
Birth Date: 2006-06-03
GPA: 1.311613369021933
Address: Address{street='Oxford St', city='London', postalCode='W1D 2', country='UK'}
Number of Courses: 2
------------------------
Student ID: 5566
Name: Bxqiab Htqnlbtv
Birth Date: 2002-06-03
GPA: 1.1089134415359791
Address: Address{street='Oxford St', city='London', postalCode='W1D 2', country='UK'}
Number of Courses: 4
------------------------
Student ID: 5721
Name: Pybtd Ifdceegebzig
Birth Date: 2004-06-03
GPA: 3.1971236044669986
Address: Address{street='Market St', city='San Francisco', postalCode='94105', country='USA'}
Number of Courses: 2
------------------------
Student ID: 2047
Name: Jpxqchfebj Fnoxyzgokkvuu
Birth Date: 2005-06-03
GPA: 1.17880648689003
Address: Address{street='Main St', city='New York', postalCode='10001', country='USA'}
Number of Courses: 2
------------------------
Student ID: 9191
Name: Lwbqtojl Ichpd
Birth Date: 2006-06-03
GPA: 1.2662485774410368
Address: Address{street='Oxford St', city='London', postalCode='W1D 2', country='UK'}
Number of Courses: 2
------------------------

Sorting by Number of Courses:
Student{firstName='Qebhmxw', lastName='Uzksptjpxxzvnm', studentId=8336, gpa=1.8014651618383362}
Student{firstName='Ucstjjmsdj', lastName='Zbeecmpuyslnm', studentId=5092, gpa=3.0394355718034434}
Student{firstName='Wzvcpl', lastName='Yrtbajjhbkp', studentId=4694, gpa=3.782787855812705}
Student{firstName='Qwlvyknpup', lastName='Xubfcfnvtntvvlp', studentId=5604, gpa=3.8170227924859965}
Student{firstName='Gdygygflno', lastName='Ppcpt', studentId=2010, gpa=2.739444995443054}
]]></system-out>
  </testcase>
  <testcase name="testAddressCitySort" classname="com.sorting.StudentSortingTest" time="0.035">
    <system-out><![CDATA[
Generated Test Students:
------------------------
Student ID: 1758
Name: Punfn Fngyryj
Birth Date: 2004-06-03
GPA: 2.2792690344183812
Address: Address{street='Main St', city='New York', postalCode='10001', country='USA'}
Number of Courses: 1
------------------------
Student ID: 7794
Name: Bfczyih Arvalarcmuudk
Birth Date: 2007-06-03
GPA: 2.23384767740436
Address: Address{street='Broadway', city='Chicago', postalCode='60601', country='USA'}
Number of Courses: 1
------------------------
Student ID: 2439
Name: Oyjlzqob Kkcps
Birth Date: 2003-06-03
GPA: 2.7578026931790194
Address: Address{street='Market St', city='San Francisco', postalCode='94105', country='USA'}
Number of Courses: 4
------------------------
Student ID: 1090
Name: Jamcfm Byzdulknulylh
Birth Date: 2000-06-03
GPA: 3.1798453037356884
Address: Address{street='Oxford St', city='London', postalCode='W1D 2', country='UK'}
Number of Courses: 3
------------------------
Student ID: 9255
Name: Qyuiec Jjcrbuctslqhuum
Birth Date: 2001-06-03
GPA: 3.936216277118138
Address: Address{street='Main St', city='New York', postalCode='10001', country='USA'}
Number of Courses: 2
------------------------
Student ID: 8592
Name: Jhabtzr Xpkpnyqw
Birth Date: 2005-06-03
GPA: 1.2530815315281256
Address: Address{street='Broadway', city='Chicago', postalCode='60601', country='USA'}
Number of Courses: 2
------------------------
Student ID: 1630
Name: Rvticetpyy Dssswh
Birth Date: 2004-06-03
GPA: 2.607599085888032
Address: Address{street='Main St', city='New York', postalCode='10001', country='USA'}
Number of Courses: 3
------------------------
Student ID: 5402
Name: Jeeuyz Cubkfanyun
Birth Date: 2004-06-03
GPA: 1.142512262954808
Address: Address{street='Main St', city='New York', postalCode='10001', country='USA'}
Number of Courses: 1
------------------------
Student ID: 4275
Name: Fmlrt Dsqainprqcgdy
Birth Date: 2004-06-03
GPA: 3.3322710196596725
Address: Address{street='Oxford St', city='London', postalCode='W1D 2', country='UK'}
Number of Courses: 3
------------------------
Student ID: 6099
Name: Qgztpa Dedcecsecawt
Birth Date: 2003-06-03
GPA: 1.7361627917788527
Address: Address{street='Oxford St', city='London', postalCode='W1D 2', country='UK'}
Number of Courses: 2
------------------------
Student ID: 7514
Name: Qvfpbmm Yvzdmgwshodrp
Birth Date: 2002-06-03
GPA: 2.2081535661233382
Address: Address{street='Main St', city='New York', postalCode='10001', country='USA'}
Number of Courses: 4
------------------------
Student ID: 7917
Name: Gijjciold Gwrngvtcyxa
Birth Date: 2001-06-03
GPA: 2.4008966643369654
Address: Address{street='Oxford St', city='London', postalCode='W1D 2', country='UK'}
Number of Courses: 4
------------------------
Student ID: 7202
Name: Wwfez Proiutwslsrbmh
Birth Date: 2004-06-03
GPA: 1.695738452250415
Address: Address{street='Broadway', city='Chicago', postalCode='60601', country='USA'}
Number of Courses: 3
------------------------
Student ID: 1818
Name: Ynoejrj Dbxxskesvx
Birth Date: 1998-06-03
GPA: 1.1575180932846068
Address: Address{street='Market St', city='San Francisco', postalCode='94105', country='USA'}
Number of Courses: 4
------------------------
Student ID: 6747
Name: Ecabfuyjqa Eqsctsnzle
Birth Date: 2005-06-03
GPA: 1.7188352786931667
Address: Address{street='Market St', city='San Francisco', postalCode='94105', country='USA'}
Number of Courses: 3
------------------------
Student ID: 1209
Name: Qlxadil Nouqzmjenbxnuv
Birth Date: 2004-06-03
GPA: 2.7954977141780435
Address: Address{street='Market St', city='San Francisco', postalCode='94105', country='USA'}
Number of Courses: 4
------------------------
Student ID: 3269
Name: Fqlqep Cpxlbdohnhhfou
Birth Date: 2007-06-03
GPA: 3.8614254480575085
Address: Address{street='Champs-Élysées', city='Paris', postalCode='75008', country='France'}
Number of Courses: 4
------------------------
Student ID: 7509
Name: Nscgholgz Rknlcrh
Birth Date: 2004-06-03
GPA: 2.6625853330820264
Address: Address{street='Oxford St', city='London', postalCode='W1D 2', country='UK'}
Number of Courses: 2
------------------------
Student ID: 4785
Name: Atgqlss Rbdptlykmvwteh
Birth Date: 2002-06-03
GPA: 3.620471887460422
Address: Address{street='Market St', city='San Francisco', postalCode='94105', country='USA'}
Number of Courses: 4
------------------------
Student ID: 9117
Name: Zulldfwtij Tmyynk
Birth Date: 1999-06-03
GPA: 1.1304537656669649
Address: Address{street='Champs-Élysées', city='Paris', postalCode='75008', country='France'}
Number of Courses: 2
------------------------
Student ID: 4279
Name: Vqzgx Dwswa
Birth Date: 2001-06-03
GPA: 3.7588187298667517
Address: Address{street='Champs-Élysées', city='Paris', postalCode='75008', country='France'}
Number of Courses: 4
------------------------
Student ID: 5076
Name: Ualktxp Cmiadsvo
Birth Date: 1999-06-03
GPA: 1.3950486384624026
Address: Address{street='Oxford St', city='London', postalCode='W1D 2', country='UK'}
Number of Courses: 2
------------------------
Student ID: 4345
Name: Sxficplhd Cgtlovoxmbm
Birth Date: 2001-06-03
GPA: 1.2686514705725864
Address: Address{street='Champs-Élysées', city='Paris', postalCode='75008', country='France'}
Number of Courses: 1
------------------------
Student ID: 1056
Name: Bhricioa Mfsydmeijgnk
Birth Date: 1999-06-03
GPA: 3.5187222162093006
Address: Address{street='Oxford St', city='London', postalCode='W1D 2', country='UK'}
Number of Courses: 4
------------------------
Student ID: 2367
Name: Zbotbeniu Ptzguohsbnf
Birth Date: 2004-06-03
GPA: 1.43679342822966
Address: Address{street='Oxford St', city='London', postalCode='W1D 2', country='UK'}
Number of Courses: 3
------------------------
Student ID: 9873
Name: Hehbwrshzb Zvmjuxhafrlxfrw
Birth Date: 2005-06-03
GPA: 1.670702345976705
Address: Address{street='Main St', city='New York', postalCode='10001', country='USA'}
Number of Courses: 2
------------------------
Student ID: 9861
Name: Jckuqjhmjq Fqbfxuqbacgog
Birth Date: 2004-06-03
GPA: 2.1501474414263684
Address: Address{street='Main St', city='New York', postalCode='10001', country='USA'}
Number of Courses: 2
------------------------
Student ID: 6921
Name: Msuxa Tvlyuhbepoffmu
Birth Date: 1998-06-03
GPA: 2.786652278669641
Address: Address{street='Main St', city='New York', postalCode='10001', country='USA'}
Number of Courses: 3
------------------------
Student ID: 2664
Name: Icczdit Jvwnlmlswqbt
Birth Date: 2002-06-03
GPA: 1.5809161464366182
Address: Address{street='Champs-Élysées', city='Paris', postalCode='75008', country='France'}
Number of Courses: 2
------------------------
Student ID: 8864
Name: Jppzesmfw Jxoquiri
Birth Date: 2002-06-03
GPA: 3.7549836511336823
Address: Address{street='Broadway', city='Chicago', postalCode='60601', country='USA'}
Number of Courses: 4
------------------------
Student ID: 9973
Name: Oazpq Axdzfjknhkgw
Birth Date: 2007-06-03
GPA: 3.54701091369893
Address: Address{street='Market St', city='San Francisco', postalCode='94105', country='USA'}
Number of Courses: 4
------------------------
Student ID: 2612
Name: Assoqaemvj Xdwbibmpwi
Birth Date: 2007-06-03
GPA: 3.424097526122254
Address: Address{street='Main St', city='New York', postalCode='10001', country='USA'}
Number of Courses: 4
------------------------
Student ID: 6647
Name: Ercvodeo Ylrmvelbslw
Birth Date: 1999-06-03
GPA: 3.003252521963376
Address: Address{street='Broadway', city='Chicago', postalCode='60601', country='USA'}
Number of Courses: 1
------------------------
Student ID: 5183
Name: Cgfmu Uixypvn
Birth Date: 2002-06-03
GPA: 1.6349079677972946
Address: Address{street='Champs-Élysées', city='Paris', postalCode='75008', country='France'}
Number of Courses: 4
------------------------
Student ID: 6661
Name: Axeyidi Zgwnd
Birth Date: 2004-06-03
GPA: 3.483687143609541
Address: Address{street='Champs-Élysées', city='Paris', postalCode='75008', country='France'}
Number of Courses: 1
------------------------
Student ID: 1807
Name: Ibtqr Fomkpotqup
Birth Date: 2004-06-03
GPA: 1.6691128820168895
Address: Address{street='Champs-Élysées', city='Paris', postalCode='75008', country='France'}
Number of Courses: 1
------------------------
Student ID: 9021
Name: Lcyngk Pqkjdpixbmt
Birth Date: 2001-06-03
GPA: 1.328547751315007
Address: Address{street='Oxford St', city='London', postalCode='W1D 2', country='UK'}
Number of Courses: 3
------------------------
Student ID: 3997
Name: Uryxi Vvnfnaubhbp
Birth Date: 2002-06-03
GPA: 3.4068780997438024
Address: Address{street='Main St', city='New York', postalCode='10001', country='USA'}
Number of Courses: 3
------------------------
Student ID: 4795
Name: Lvdnt Cvebmmlrdcmpd
Birth Date: 2001-06-03
GPA: 1.8061763395047954
Address: Address{street='Champs-Élysées', city='Paris', postalCode='75008', country='France'}
Number of Courses: 4
------------------------
Student ID: 9121
Name: Fuqlnh Nerlic
Birth Date: 2000-06-03
GPA: 2.709004666488752
Address: Address{street='Oxford St', city='London', postalCode='W1D 2', country='UK'}
Number of Courses: 2
------------------------
Student ID: 9277
Name: Qihtypj Ovcrk
Birth Date: 2006-06-03
GPA: 1.4156939815038934
Address: Address{street='Champs-Élysées', city='Paris', postalCode='75008', country='France'}
Number of Courses: 3
------------------------
Student ID: 6101
Name: Qfvkbcc Xgwzkpdg
Birth Date: 2004-06-03
GPA: 3.2993005574733862
Address: Address{street='Market St', city='San Francisco', postalCode='94105', country='USA'}
Number of Courses: 4
------------------------
Student ID: 8445
Name: Efdqrzkeyv Xjoocwhhree
Birth Date: 2006-06-03
GPA: 1.038764136881223
Address: Address{street='Champs-Élysées', city='Paris', postalCode='75008', country='France'}
Number of Courses: 3
------------------------
Student ID: 4249
Name: Jjbiktvz Fdsbawyrhzc
Birth Date: 2003-06-03
GPA: 1.8883443417706065
Address: Address{street='Oxford St', city='London', postalCode='W1D 2', country='UK'}
Number of Courses: 3
------------------------
Student ID: 4395
Name: Qblurecgi Jesroljcfdyld
Birth Date: 2001-06-03
GPA: 2.2383323668491846
Address: Address{street='Oxford St', city='London', postalCode='W1D 2', country='UK'}
Number of Courses: 1
------------------------
Student ID: 1064
Name: Eghyt Dkiledccslx
Birth Date: 2004-06-03
GPA: 3.810771226764328
Address: Address{street='Market St', city='San Francisco', postalCode='94105', country='USA'}
Number of Courses: 1
------------------------
Student ID: 8263
Name: Ihghicgjkq Khzrnwlut
Birth Date: 1998-06-03
GPA: 3.5625353333978738
Address: Address{street='Champs-Élysées', city='Paris', postalCode='75008', country='France'}
Number of Courses: 2
------------------------
Student ID: 7834
Name: Mjexhc Srczdfm
Birth Date: 2001-06-03
GPA: 3.347368115386384
Address: Address{street='Champs-Élysées', city='Paris', postalCode='75008', country='France'}
Number of Courses: 4
------------------------
Student ID: 3179
Name: Eqnzwy Ukpjvc
Birth Date: 1999-06-03
GPA: 3.90331926127256
Address: Address{street='Market St', city='San Francisco', postalCode='94105', country='USA'}
Number of Courses: 3
------------------------
Student ID: 2009
Name: Cypzswe Zufflrvq
Birth Date: 2003-06-03
GPA: 3.760854675435282
Address: Address{street='Main St', city='New York', postalCode='10001', country='USA'}
Number of Courses: 4
------------------------
Student ID: 5711
Name: Hjjigcaho Yabroafxglk
Birth Date: 2004-06-03
GPA: 2.7302353835812507
Address: Address{street='Broadway', city='Chicago', postalCode='60601', country='USA'}
Number of Courses: 2
------------------------
Student ID: 3125
Name: Tjefiad Exjhwxb
Birth Date: 2007-06-03
GPA: 3.4046396888153536
Address: Address{street='Broadway', city='Chicago', postalCode='60601', country='USA'}
Number of Courses: 1
------------------------
Student ID: 8866
Name: Nsfyelef Ipuofnrdiouqaw
Birth Date: 2001-06-03
GPA: 1.6403601330799569
Address: Address{street='Main St', city='New York', postalCode='10001', country='USA'}
Number of Courses: 2
------------------------
Student ID: 1233
Name: Hddoljjnvv Lzylc
Birth Date: 2004-06-03
GPA: 2.5985968838155262
Address: Address{street='Main St', city='New York', postalCode='10001', country='USA'}
Number of Courses: 4
------------------------
Student ID: 3668
Name: Xqkhgxl Onpun
Birth Date: 2005-06-03
GPA: 2.740866075495127
Address: Address{street='Oxford St', city='London', postalCode='W1D 2', country='UK'}
Number of Courses: 4
------------------------
Student ID: 3022
Name: Khfhvqcjtk Zrbgyi
Birth Date: 2007-06-03
GPA: 3.872563271249323
Address: Address{street='Main St', city='New York', postalCode='10001', country='USA'}
Number of Courses: 1
------------------------
Student ID: 4035
Name: Igyvmjouo Pwciqv
Birth Date: 2006-06-03
GPA: 3.575141846992234
Address: Address{street='Champs-Élysées', city='Paris', postalCode='75008', country='France'}
Number of Courses: 2
------------------------
Student ID: 2226
Name: Frfxrsrs Edduqdhm
Birth Date: 2006-06-03
GPA: 2.009818775158617
Address: Address{street='Main St', city='New York', postalCode='10001', country='USA'}
Number of Courses: 2
------------------------
Student ID: 4316
Name: Grbjuwwfqb Yqfazl
Birth Date: 1998-06-03
GPA: 1.6356176601266825
Address: Address{street='Champs-Élysées', city='Paris', postalCode='75008', country='France'}
Number of Courses: 1
------------------------
Student ID: 2814
Name: Ghepxe Jzfwi
Birth Date: 2005-06-03
GPA: 3.975687843596446
Address: Address{street='Main St', city='New York', postalCode='10001', country='USA'}
Number of Courses: 4
------------------------
Student ID: 1356
Name: Sufoud Pltmlolwqivq
Birth Date: 1998-06-03
GPA: 2.9108380191583185
Address: Address{street='Oxford St', city='London', postalCode='W1D 2', country='UK'}
Number of Courses: 1
------------------------
Student ID: 1263
Name: Lqpfq Xaqkriekwhhxwn
Birth Date: 1999-06-03
GPA: 2.12118316417676
Address: Address{street='Market St', city='San Francisco', postalCode='94105', country='USA'}
Number of Courses: 2
------------------------
Student ID: 7150
Name: Zxupourx Nsvnidyjxslyll
Birth Date: 2001-06-03
GPA: 1.609576514390168
Address: Address{street='Champs-Élysées', city='Paris', postalCode='75008', country='France'}
Number of Courses: 3
------------------------
Student ID: 9059
Name: Lurel Ckfjlhqfdyml
Birth Date: 2005-06-03
GPA: 1.3022873719969956
Address: Address{street='Broadway', city='Chicago', postalCode='60601', country='USA'}
Number of Courses: 4
------------------------
Student ID: 3551
Name: Gieijx Vyatcrroe
Birth Date: 2004-06-03
GPA: 2.534854743435102
Address: Address{street='Main St', city='New York', postalCode='10001', country='USA'}
Number of Courses: 4
------------------------
Student ID: 7274
Name: Lbhygmv Uhajpbnz
Birth Date: 2002-06-03
GPA: 1.8972853727729695
Address: Address{street='Broadway', city='Chicago', postalCode='60601', country='USA'}
Number of Courses: 4
------------------------
Student ID: 3259
Name: Wmhjghrw Jafndj
Birth Date: 2002-06-03
GPA: 1.4220122440584906
Address: Address{street='Oxford St', city='London', postalCode='W1D 2', country='UK'}
Number of Courses: 2
------------------------
Student ID: 6928
Name: Vfsymdblx Vbrlbcow
Birth Date: 2003-06-03
GPA: 1.75680696278908
Address: Address{street='Broadway', city='Chicago', postalCode='60601', country='USA'}
Number of Courses: 3
------------------------
Student ID: 4113
Name: Ukygdoc Mutssdhyfbdbauw
Birth Date: 2000-06-03
GPA: 1.7733523173849597
Address: Address{street='Broadway', city='Chicago', postalCode='60601', country='USA'}
Number of Courses: 2
------------------------
Student ID: 5093
Name: Bchcnmyjek Xrphhyvar
Birth Date: 2006-06-03
GPA: 3.9217920661298633
Address: Address{street='Broadway', city='Chicago', postalCode='60601', country='USA'}
Number of Courses: 2
------------------------
Student ID: 7005
Name: Ongxvbgkn Fhakxpi
Birth Date: 2002-06-03
GPA: 1.5344105243908457
Address: Address{street='Oxford St', city='London', postalCode='W1D 2', country='UK'}
Number of Courses: 3
------------------------
Student ID: 7687
Name: Shtphwiv Ypsrq
Birth Date: 2000-06-03
GPA: 2.2342764612076706
Address: Address{street='Oxford St', city='London', postalCode='W1D 2', country='UK'}
Number of Courses: 1
------------------------
Student ID: 7136
Name: Trydpasl Dljhcujkktvg
Birth Date: 2001-06-03
GPA: 3.1322780646533737
Address: Address{street='Champs-Élysées', city='Paris', postalCode='75008', country='France'}
Number of Courses: 4
------------------------
Student ID: 6977
Name: Yiwinavjz Oqnpsh
Birth Date: 1999-06-03
GPA: 2.3983181166192757
Address: Address{street='Broadway', city='Chicago', postalCode='60601', country='USA'}
Number of Courses: 3
------------------------
Student ID: 4456
Name: Mowyjam Nauneneavcjzyzj
Birth Date: 2000-06-03
GPA: 3.0610838020098052
Address: Address{street='Broadway', city='Chicago', postalCode='60601', country='USA'}
Number of Courses: 3
------------------------
Student ID: 7616
Name: Gpxielmech Nwlpj
Birth Date: 1998-06-03
GPA: 2.5837718096137334
Address: Address{street='Market St', city='San Francisco', postalCode='94105', country='USA'}
Number of Courses: 4
------------------------
Student ID: 4119
Name: Licxojbdoo Vwiagyp
Birth Date: 2006-06-03
GPA: 3.4605998598933696
Address: Address{street='Oxford St', city='London', postalCode='W1D 2', country='UK'}
Number of Courses: 1
------------------------
Student ID: 9371
Name: Tbumg Zpsmpaipyq
Birth Date: 2004-06-03
GPA: 3.7950863235214203
Address: Address{street='Oxford St', city='London', postalCode='W1D 2', country='UK'}
Number of Courses: 4
------------------------
Student ID: 4442
Name: Xlxkrug Wdevu
Birth Date: 2004-06-03
GPA: 1.077100719751395
Address: Address{street='Main St', city='New York', postalCode='10001', country='USA'}
Number of Courses: 4
------------------------
Student ID: 7063
Name: Mgbwpfxvtc Jeenddk
Birth Date: 1998-06-03
GPA: 1.5898563847414997
Address: Address{street='Oxford St', city='London', postalCode='W1D 2', country='UK'}
Number of Courses: 2
------------------------
Student ID: 3500
Name: Jldvzxq Glxrldpgxuexlq
Birth Date: 2001-06-03
GPA: 3.6629359693009267
Address: Address{street='Main St', city='New York', postalCode='10001', country='USA'}
Number of Courses: 3
------------------------
Student ID: 8156
Name: Yjtlerb Voycvvm
Birth Date: 2005-06-03
GPA: 2.4209921919362327
Address: Address{street='Champs-Élysées', city='Paris', postalCode='75008', country='France'}
Number of Courses: 4
------------------------
Student ID: 6582
Name: Kplmq Fuadzypbmaymevq
Birth Date: 1998-06-03
GPA: 1.1252442559546258
Address: Address{street='Main St', city='New York', postalCode='10001', country='USA'}
Number of Courses: 1
------------------------
Student ID: 3409
Name: Mjeiinuyj Fsjmdicuhwn
Birth Date: 1998-06-03
GPA: 1.6592088161950274
Address: Address{street='Oxford St', city='London', postalCode='W1D 2', country='UK'}
Number of Courses: 2
------------------------
Student ID: 1516
Name: Ypdugke Svcrgyrr
Birth Date: 2006-06-03
GPA: 1.551424890926306
Address: Address{street='Oxford St', city='London', postalCode='W1D 2', country='UK'}
Number of Courses: 1
------------------------
Student ID: 8784
Name: Teoczsvqui Bxamejatzfhj
Birth Date: 2007-06-03
GPA: 2.7054145236456253
Address: Address{street='Oxford St', city='London', postalCode='W1D 2', country='UK'}
Number of Courses: 1
------------------------
Student ID: 4460
Name: Ecenpr Qlboezozwhtmh
Birth Date: 2006-06-03
GPA: 2.1473417902202554
Address: Address{street='Champs-Élysées', city='Paris', postalCode='75008', country='France'}
Number of Courses: 3
------------------------
Student ID: 6595
Name: Enoafkykk Rdjazhmzdkvtqa
Birth Date: 1999-06-03
GPA: 1.729780413437466
Address: Address{street='Market St', city='San Francisco', postalCode='94105', country='USA'}
Number of Courses: 3
------------------------
Student ID: 3093
Name: Pxxffjjyl Imyerqogrn
Birth Date: 2002-06-03
GPA: 2.7921002118368987
Address: Address{street='Broadway', city='Chicago', postalCode='60601', country='USA'}
Number of Courses: 3
------------------------
Student ID: 9182
Name: Drccfpqdk Ktyxogkl
Birth Date: 2007-06-03
GPA: 2.2596243519715506
Address: Address{street='Main St', city='New York', postalCode='10001', country='USA'}
Number of Courses: 2
------------------------
Student ID: 8587
Name: Wpgrs Apiwcvrxk
Birth Date: 2005-06-03
GPA: 1.4218495890562215
Address: Address{street='Oxford St', city='London', postalCode='W1D 2', country='UK'}
Number of Courses: 4
------------------------
Student ID: 4949
Name: Yvimidl Ezgxsen
Birth Date: 2001-06-03
GPA: 3.731193436533448
Address: Address{street='Oxford St', city='London', postalCode='W1D 2', country='UK'}
Number of Courses: 4
------------------------
Student ID: 5771
Name: Jdtes Swmzdzlimjtri
Birth Date: 1999-06-03
GPA: 1.3885083171438215
Address: Address{street='Champs-Élysées', city='Paris', postalCode='75008', country='France'}
Number of Courses: 4
------------------------
Student ID: 2817
Name: Simjm Xiidlelwis
Birth Date: 2004-06-03
GPA: 2.715596611664812
Address: Address{street='Main St', city='New York', postalCode='10001', country='USA'}
Number of Courses: 3
------------------------
Student ID: 1937
Name: Ewhfy Zqtbn
Birth Date: 1999-06-03
GPA: 3.6292180480213134
Address: Address{street='Oxford St', city='London', postalCode='W1D 2', country='UK'}
Number of Courses: 3
------------------------
Student ID: 8399
Name: Rxqvgf Fxlyyabetymow
Birth Date: 2003-06-03
GPA: 1.2983425848909953
Address: Address{street='Champs-Élysées', city='Paris', postalCode='75008', country='France'}
Number of Courses: 1
------------------------
Student ID: 2296
Name: Xabpsvc Bzfkbgirdclc
Birth Date: 2003-06-03
GPA: 1.637912842028501
Address: Address{street='Market St', city='San Francisco', postalCode='94105', country='USA'}
Number of Courses: 2
------------------------
Student ID: 7704
Name: Sacam Zikopjfnpnrvyfh
Birth Date: 2000-06-03
GPA: 2.375394702615634
Address: Address{street='Oxford St', city='London', postalCode='W1D 2', country='UK'}
Number of Courses: 4
------------------------
Student ID: 5288
Name: Jolxehprq Ljwgcmqdofvms
Birth Date: 1998-06-03
GPA: 1.1479291351709462
Address: Address{street='Broadway', city='Chicago', postalCode='60601', country='USA'}
Number of Courses: 1
------------------------
Student ID: 5467
Name: Dkdetznjik Alsweadru
Birth Date: 2000-06-03
GPA: 1.3262866094054377
Address: Address{street='Oxford St', city='London', postalCode='W1D 2', country='UK'}
Number of Courses: 4
------------------------

Sorting by Address City:
Student{firstName='Bfczyih', lastName='Arvalarcmuudk', studentId=7794, gpa=2.23384767740436}
Student{firstName='Jhabtzr', lastName='Xpkpnyqw', studentId=8592, gpa=1.2530815315281256}
Student{firstName='Wwfez', lastName='Proiutwslsrbmh', studentId=7202, gpa=1.695738452250415}
Student{firstName='Jppzesmfw', lastName='Jxoquiri', studentId=8864, gpa=3.7549836511336823}
Student{firstName='Ercvodeo', lastName='Ylrmvelbslw', studentId=6647, gpa=3.003252521963376}
]]></system-out>
  </testcase>
  <testcase name="testFirstNameComparator" classname="com.sorting.StudentSortingTest" time="0.019">
    <system-out><![CDATA[
Generated Test Students:
------------------------
Student ID: 1712
Name: Zkvhb Svwzvtssqrzbx
Birth Date: 2007-06-03
GPA: 3.523952348701469
Address: Address{street='Broadway', city='Chicago', postalCode='60601', country='USA'}
Number of Courses: 1
------------------------
Student ID: 9603
Name: Uqzpjoin Zlloizkprpfruz
Birth Date: 2005-06-03
GPA: 1.7598668364847423
Address: Address{street='Market St', city='San Francisco', postalCode='94105', country='USA'}
Number of Courses: 2
------------------------
Student ID: 1665
Name: Ydkpyzjy Lorrlmc
Birth Date: 1998-06-03
GPA: 3.2660029904541066
Address: Address{street='Champs-Élysées', city='Paris', postalCode='75008', country='France'}
Number of Courses: 4
------------------------
Student ID: 8653
Name: Tpjahubb Wpjsmun
Birth Date: 1998-06-03
GPA: 2.941396036420892
Address: Address{street='Oxford St', city='London', postalCode='W1D 2', country='UK'}
Number of Courses: 2
------------------------
Student ID: 3647
Name: Kozdvfpgug Cqzhfenwhmuh
Birth Date: 2001-06-03
GPA: 2.3232474183029646
Address: Address{street='Champs-Élysées', city='Paris', postalCode='75008', country='France'}
Number of Courses: 2
------------------------
Student ID: 1456
Name: Tdivcbd Nkjtt
Birth Date: 2005-06-03
GPA: 1.7169537065039133
Address: Address{street='Main St', city='New York', postalCode='10001', country='USA'}
Number of Courses: 3
------------------------
Student ID: 1823
Name: Uvpsfvumps Jfstciiirnnciij
Birth Date: 2004-06-03
GPA: 1.778050122903512
Address: Address{street='Main St', city='New York', postalCode='10001', country='USA'}
Number of Courses: 4
------------------------
Student ID: 4859
Name: Xyegqmrnr Jotbxgec
Birth Date: 2003-06-03
GPA: 1.2008703827813787
Address: Address{street='Main St', city='New York', postalCode='10001', country='USA'}
Number of Courses: 2
------------------------
Student ID: 5163
Name: Bheltboyu Oyuinxnebaenvf
Birth Date: 1999-06-03
GPA: 3.991550171057511
Address: Address{street='Oxford St', city='London', postalCode='W1D 2', country='UK'}
Number of Courses: 3
------------------------
Student ID: 4008
Name: Iiyjmg Etjlpvdxdntibf
Birth Date: 2000-06-03
GPA: 1.7342280747419136
Address: Address{street='Market St', city='San Francisco', postalCode='94105', country='USA'}
Number of Courses: 2
------------------------
Student ID: 2416
Name: Pxaolwhnr Hwnsx
Birth Date: 2006-06-03
GPA: 3.4520309873073503
Address: Address{street='Oxford St', city='London', postalCode='W1D 2', country='UK'}
Number of Courses: 3
------------------------
Student ID: 4192
Name: Qtwaysjg Tfftnpkwpwz
Birth Date: 2005-06-03
GPA: 2.0616498251623416
Address: Address{street='Champs-Élysées', city='Paris', postalCode='75008', country='France'}
Number of Courses: 2
------------------------
Student ID: 6887
Name: Qnqeyaenar Oclzqpxxbhqtnz
Birth Date: 2000-06-03
GPA: 3.920145698999677
Address: Address{street='Main St', city='New York', postalCode='10001', country='USA'}
Number of Courses: 4
------------------------
Student ID: 4408
Name: Ipaifnknx Zgjtfilmpxcz
Birth Date: 2006-06-03
GPA: 1.2137836831037974
Address: Address{street='Market St', city='San Francisco', postalCode='94105', country='USA'}
Number of Courses: 4
------------------------
Student ID: 7833
Name: Pwkmfwp Chvviqqoesuj
Birth Date: 2004-06-03
GPA: 1.3851516733090905
Address: Address{street='Oxford St', city='London', postalCode='W1D 2', country='UK'}
Number of Courses: 2
------------------------
Student ID: 1023
Name: Eocupmad Qimkyntnbtcctlp
Birth Date: 2002-06-03
GPA: 3.363552248817185
Address: Address{street='Main St', city='New York', postalCode='10001', country='USA'}
Number of Courses: 4
------------------------
Student ID: 2537
Name: Zicvzokiet Lyqfaihhyapsncq
Birth Date: 2003-06-03
GPA: 1.7365653236297829
Address: Address{street='Oxford St', city='London', postalCode='W1D 2', country='UK'}
Number of Courses: 1
------------------------
Student ID: 3609
Name: Gqaxgv Ppznn
Birth Date: 1999-06-03
GPA: 1.842587867397821
Address: Address{street='Champs-Élysées', city='Paris', postalCode='75008', country='France'}
Number of Courses: 4
------------------------
Student ID: 4806
Name: Qqmnxiuon Myqgfc
Birth Date: 1999-06-03
GPA: 2.879971260506553
Address: Address{street='Broadway', city='Chicago', postalCode='60601', country='USA'}
Number of Courses: 3
------------------------
Student ID: 3009
Name: Ualxwfjag Biqezx
Birth Date: 2001-06-03
GPA: 1.6586304462674486
Address: Address{street='Market St', city='San Francisco', postalCode='94105', country='USA'}
Number of Courses: 1
------------------------
Student ID: 2271
Name: Cdccxdmt Nwhniepxxwu
Birth Date: 2005-06-03
GPA: 2.1162745521927304
Address: Address{street='Champs-Élysées', city='Paris', postalCode='75008', country='France'}
Number of Courses: 4
------------------------
Student ID: 8826
Name: Zianbrskv Tsjelrjsk
Birth Date: 2007-06-03
GPA: 1.5282673265368714
Address: Address{street='Champs-Élysées', city='Paris', postalCode='75008', country='France'}
Number of Courses: 1
------------------------
Student ID: 5811
Name: Qsotnqvqlr Zhfirfsjoinrc
Birth Date: 2000-06-03
GPA: 2.5124267604043355
Address: Address{street='Oxford St', city='London', postalCode='W1D 2', country='UK'}
Number of Courses: 4
------------------------
Student ID: 6978
Name: Jibqaz Gfxyzzlgosrm
Birth Date: 2004-06-03
GPA: 1.3988520846031847
Address: Address{street='Market St', city='San Francisco', postalCode='94105', country='USA'}
Number of Courses: 2
------------------------
Student ID: 3180
Name: Sgnipw Cviujegqpngqsx
Birth Date: 2003-06-03
GPA: 2.003015933719774
Address: Address{street='Broadway', city='Chicago', postalCode='60601', country='USA'}
Number of Courses: 3
------------------------
Student ID: 6590
Name: Ptvgh Xewen
Birth Date: 2003-06-03
GPA: 1.729888630976076
Address: Address{street='Broadway', city='Chicago', postalCode='60601', country='USA'}
Number of Courses: 1
------------------------
Student ID: 1526
Name: Kcsehoy Xcdwus
Birth Date: 2002-06-03
GPA: 3.3831387316911106
Address: Address{street='Main St', city='New York', postalCode='10001', country='USA'}
Number of Courses: 4
------------------------
Student ID: 7259
Name: Bdqscvpebq Mgcxqrqh
Birth Date: 2007-06-03
GPA: 1.9104980231268158
Address: Address{street='Market St', city='San Francisco', postalCode='94105', country='USA'}
Number of Courses: 3
------------------------
Student ID: 9425
Name: Doyeba Txzileldb
Birth Date: 2000-06-03
GPA: 2.4787403106046657
Address: Address{street='Market St', city='San Francisco', postalCode='94105', country='USA'}
Number of Courses: 1
------------------------
Student ID: 3990
Name: Zttnmvz Yzwshsawobwvx
Birth Date: 2005-06-03
GPA: 2.9483168030266715
Address: Address{street='Main St', city='New York', postalCode='10001', country='USA'}
Number of Courses: 3
------------------------
Student ID: 5428
Name: Yspsqdhi Ntxhqgbw
Birth Date: 2000-06-03
GPA: 1.2566564748317675
Address: Address{street='Oxford St', city='London', postalCode='W1D 2', country='UK'}
Number of Courses: 3
------------------------
Student ID: 3276
Name: Bxogr Eesrjb
Birth Date: 2007-06-03
GPA: 3.0565379749566977
Address: Address{street='Market St', city='San Francisco', postalCode='94105', country='USA'}
Number of Courses: 4
------------------------
Student ID: 5770
Name: Dbmmupejl Xikaopkpacr
Birth Date: 1998-06-03
GPA: 3.124352689423032
Address: Address{street='Broadway', city='Chicago', postalCode='60601', country='USA'}
Number of Courses: 1
------------------------
Student ID: 5968
Name: Npvrntfxi Blkehefk
Birth Date: 2007-06-03
GPA: 2.2500776351200305
Address: Address{street='Champs-Élysées', city='Paris', postalCode='75008', country='France'}
Number of Courses: 3
------------------------
Student ID: 2280
Name: Unxgwr Oebrsjopon
Birth Date: 2007-06-03
GPA: 2.3650878816615446
Address: Address{street='Market St', city='San Francisco', postalCode='94105', country='USA'}
Number of Courses: 1
------------------------
Student ID: 8773
Name: Brbsovb Jtkqczdeumdxhy
Birth Date: 2005-06-03
GPA: 3.874073858230642
Address: Address{street='Champs-Élysées', city='Paris', postalCode='75008', country='France'}
Number of Courses: 1
------------------------
Student ID: 9487
Name: Jasoqrk Qwhazjevlr
Birth Date: 2002-06-03
GPA: 3.7085923150053435
Address: Address{street='Market St', city='San Francisco', postalCode='94105', country='USA'}
Number of Courses: 3
------------------------
Student ID: 2084
Name: Fxtcway Fxupjluggeo
Birth Date: 1999-06-03
GPA: 3.3539625553803147
Address: Address{street='Market St', city='San Francisco', postalCode='94105', country='USA'}
Number of Courses: 4
------------------------
Student ID: 9445
Name: Aetutopij Xcuvztsimy
Birth Date: 2005-06-03
GPA: 1.2155801769782275
Address: Address{street='Oxford St', city='London', postalCode='W1D 2', country='UK'}
Number of Courses: 3
------------------------
Student ID: 7542
Name: Atupd Fzkuizcrmwyssjh
Birth Date: 1999-06-03
GPA: 3.6855669322028737
Address: Address{street='Market St', city='San Francisco', postalCode='94105', country='USA'}
Number of Courses: 3
------------------------
Student ID: 4562
Name: Ojfwo Ibzktrrky
Birth Date: 2003-06-03
GPA: 3.7920744803741884
Address: Address{street='Champs-Élysées', city='Paris', postalCode='75008', country='France'}
Number of Courses: 4
------------------------
Student ID: 5786
Name: Wrjyoszdn Hzpcwfebzfhkh
Birth Date: 2006-06-03
GPA: 3.1971712873747613
Address: Address{street='Oxford St', city='London', postalCode='W1D 2', country='UK'}
Number of Courses: 1
------------------------
Student ID: 9761
Name: Pqjnzpdieu Ewztg
Birth Date: 2002-06-03
GPA: 2.916481769022971
Address: Address{street='Champs-Élysées', city='Paris', postalCode='75008', country='France'}
Number of Courses: 2
------------------------
Student ID: 7197
Name: Mrfgwqh Yrchxmsqf
Birth Date: 2005-06-03
GPA: 2.531247718790644
Address: Address{street='Broadway', city='Chicago', postalCode='60601', country='USA'}
Number of Courses: 3
------------------------
Student ID: 7814
Name: Dsmmi Ylnndbywvkjb
Birth Date: 2005-06-03
GPA: 3.2846420928056417
Address: Address{street='Oxford St', city='London', postalCode='W1D 2', country='UK'}
Number of Courses: 2
------------------------
Student ID: 2303
Name: Ugpfj Naqsmd
Birth Date: 2000-06-03
GPA: 3.6135423260709683
Address: Address{street='Oxford St', city='London', postalCode='W1D 2', country='UK'}
Number of Courses: 4
------------------------
Student ID: 9125
Name: Jdlxgqx Zobzfizwqbud
Birth Date: 2005-06-03
GPA: 1.9410715282287456
Address: Address{street='Market St', city='San Francisco', postalCode='94105', country='USA'}
Number of Courses: 1
------------------------
Student ID: 9138
Name: Tnqnpj Muduvp
Birth Date: 2002-06-03
GPA: 3.247562516057953
Address: Address{street='Market St', city='San Francisco', postalCode='94105', country='USA'}
Number of Courses: 4
------------------------
Student ID: 6059
Name: Mjlkf Mwhsjpuczjyjx
Birth Date: 2006-06-03
GPA: 2.2992910313298935
Address: Address{street='Champs-Élysées', city='Paris', postalCode='75008', country='France'}
Number of Courses: 1
------------------------
Student ID: 3100
Name: Sgrlpicbb Fpltdu
Birth Date: 2000-06-03
GPA: 2.8088803486546703
Address: Address{street='Champs-Élysées', city='Paris', postalCode='75008', country='France'}
Number of Courses: 3
------------------------
Student ID: 3366
Name: Ltxqcdyrfu Mdigjqqvnt
Birth Date: 1998-06-03
GPA: 2.141125080073238
Address: Address{street='Oxford St', city='London', postalCode='W1D 2', country='UK'}
Number of Courses: 3
------------------------
Student ID: 6639
Name: Uiknxurh Qucnx
Birth Date: 2004-06-03
GPA: 1.3167536485444482
Address: Address{street='Broadway', city='Chicago', postalCode='60601', country='USA'}
Number of Courses: 1
------------------------
Student ID: 4944
Name: Bkfplhi Ohrdwfirrxdfq
Birth Date: 1998-06-03
GPA: 2.4909905580578653
Address: Address{street='Oxford St', city='London', postalCode='W1D 2', country='UK'}
Number of Courses: 4
------------------------
Student ID: 4564
Name: Ceszdwpc Qtrsylbgpxln
Birth Date: 2003-06-03
GPA: 2.691979659212673
Address: Address{street='Market St', city='San Francisco', postalCode='94105', country='USA'}
Number of Courses: 1
------------------------
Student ID: 8028
Name: Nyuhflzo Ngghonjfssg
Birth Date: 2004-06-03
GPA: 2.468100414316574
Address: Address{street='Market St', city='San Francisco', postalCode='94105', country='USA'}
Number of Courses: 3
------------------------
Student ID: 2385
Name: Thmfbwqhqe Kloovo
Birth Date: 2005-06-03
GPA: 2.0049392299990045
Address: Address{street='Broadway', city='Chicago', postalCode='60601', country='USA'}
Number of Courses: 4
------------------------
Student ID: 9354
Name: Epakxagc Qxshvtdxf
Birth Date: 2002-06-03
GPA: 1.2764630987816257
Address: Address{street='Main St', city='New York', postalCode='10001', country='USA'}
Number of Courses: 4
------------------------
Student ID: 2260
Name: Amdhqkaf Kgenkp
Birth Date: 2004-06-03
GPA: 1.962675624371772
Address: Address{street='Oxford St', city='London', postalCode='W1D 2', country='UK'}
Number of Courses: 3
------------------------
Student ID: 6454
Name: Anylzyk Effolt
Birth Date: 2005-06-03
GPA: 1.2078780056324137
Address: Address{street='Oxford St', city='London', postalCode='W1D 2', country='UK'}
Number of Courses: 3
------------------------
Student ID: 5646
Name: Kmjbmh Rfgkjhybp
Birth Date: 2001-06-03
GPA: 1.0879592039035937
Address: Address{street='Main St', city='New York', postalCode='10001', country='USA'}
Number of Courses: 2
------------------------
Student ID: 7688
Name: Atatew Cgxsooqmtr
Birth Date: 2004-06-03
GPA: 3.658854740935502
Address: Address{street='Main St', city='New York', postalCode='10001', country='USA'}
Number of Courses: 3
------------------------
Student ID: 6665
Name: Hgcqxgz Yzfwzz
Birth Date: 2000-06-03
GPA: 2.275378834753927
Address: Address{street='Market St', city='San Francisco', postalCode='94105', country='USA'}
Number of Courses: 3
------------------------
Student ID: 4918
Name: Hzqsqcqqv Syqrqqgtfz
Birth Date: 2006-06-03
GPA: 1.3576317530782598
Address: Address{street='Main St', city='New York', postalCode='10001', country='USA'}
Number of Courses: 1
------------------------
Student ID: 1839
Name: Xagouc Osyrw
Birth Date: 2004-06-03
GPA: 1.3227949173836437
Address: Address{street='Oxford St', city='London', postalCode='W1D 2', country='UK'}
Number of Courses: 2
------------------------
Student ID: 4124
Name: Jpbbv Dxldjync
Birth Date: 2006-06-03
GPA: 3.307294884406807
Address: Address{street='Main St', city='New York', postalCode='10001', country='USA'}
Number of Courses: 3
------------------------
Student ID: 6686
Name: Xrjjlea Qpylfxwree
Birth Date: 2006-06-03
GPA: 2.1454044528400873
Address: Address{street='Main St', city='New York', postalCode='10001', country='USA'}
Number of Courses: 1
------------------------
Student ID: 8525
Name: Levctmwl Yzmxlnup
Birth Date: 2003-06-03
GPA: 1.6403073738464815
Address: Address{street='Main St', city='New York', postalCode='10001', country='USA'}
Number of Courses: 4
------------------------
Student ID: 1649
Name: Rinitfq Rtkot
Birth Date: 2006-06-03
GPA: 3.401883242707422
Address: Address{street='Main St', city='New York', postalCode='10001', country='USA'}
Number of Courses: 1
------------------------
Student ID: 9429
Name: Tgiqxhf Gqbgyzdx
Birth Date: 2001-06-03
GPA: 2.6398944527902994
Address: Address{street='Main St', city='New York', postalCode='10001', country='USA'}
Number of Courses: 4
------------------------
Student ID: 5604
Name: Tmpupjxqt Fdbaf
Birth Date: 2006-06-03
GPA: 2.660868366958948
Address: Address{street='Champs-Élysées', city='Paris', postalCode='75008', country='France'}
Number of Courses: 3
------------------------
Student ID: 6418
Name: Qmmmcquvxg Fxkaw
Birth Date: 2003-06-03
GPA: 1.2091759388279475
Address: Address{street='Champs-Élysées', city='Paris', postalCode='75008', country='France'}
Number of Courses: 3
------------------------
Student ID: 8960
Name: Mqhwbbiknl Tebtyipzsz
Birth Date: 2000-06-03
GPA: 3.8844664517956327
Address: Address{street='Oxford St', city='London', postalCode='W1D 2', country='UK'}
Number of Courses: 4
------------------------
Student ID: 2452
Name: Dcjjydsv Mshihuzjf
Birth Date: 1999-06-03
GPA: 1.0195856285124465
Address: Address{street='Oxford St', city='London', postalCode='W1D 2', country='UK'}
Number of Courses: 3
------------------------
Student ID: 7413
Name: Lrwurzmj Mtkwmziimm
Birth Date: 2005-06-03
GPA: 2.7058390936960928
Address: Address{street='Main St', city='New York', postalCode='10001', country='USA'}
Number of Courses: 1
------------------------
Student ID: 3054
Name: Hpshcxnefl Vzylp
Birth Date: 2000-06-03
GPA: 2.2178693791642115
Address: Address{street='Main St', city='New York', postalCode='10001', country='USA'}
Number of Courses: 4
------------------------
Student ID: 3417
Name: Nttyossam Tbdbuojto
Birth Date: 1999-06-03
GPA: 2.1289786934697275
Address: Address{street='Champs-Élysées', city='Paris', postalCode='75008', country='France'}
Number of Courses: 4
------------------------
Student ID: 5752
Name: Kkguhyysmt Fgjtxgeyq
Birth Date: 1999-06-03
GPA: 1.6397419925648282
Address: Address{street='Champs-Élysées', city='Paris', postalCode='75008', country='France'}
Number of Courses: 1
------------------------
Student ID: 2788
Name: Nkjvchdi Ugezo
Birth Date: 2004-06-03
GPA: 3.0470321447713573
Address: Address{street='Market St', city='San Francisco', postalCode='94105', country='USA'}
Number of Courses: 4
------------------------
Student ID: 7617
Name: Fxgbyivmbq Kyllolt
Birth Date: 2007-06-03
GPA: 1.112529832805777
Address: Address{street='Champs-Élysées', city='Paris', postalCode='75008', country='France'}
Number of Courses: 2
------------------------
Student ID: 1329
Name: Kjsffd Upytdxtyqil
Birth Date: 2002-06-03
GPA: 3.1142562721225246
Address: Address{street='Market St', city='San Francisco', postalCode='94105', country='USA'}
Number of Courses: 2
------------------------
Student ID: 2389
Name: Dqthdglk Alajzkmsnksfy
Birth Date: 2007-06-03
GPA: 2.2290400322826933
Address: Address{street='Main St', city='New York', postalCode='10001', country='USA'}
Number of Courses: 2
------------------------
Student ID: 6978
Name: Gajiqewb Gzsufhlxi
Birth Date: 2002-06-03
GPA: 2.6782344901247974
Address: Address{street='Market St', city='San Francisco', postalCode='94105', country='USA'}
Number of Courses: 4
------------------------
Student ID: 5068
Name: Qsoekveuoh Dkabstdx
Birth Date: 2002-06-03
GPA: 3.1250649235250925
Address: Address{street='Market St', city='San Francisco', postalCode='94105', country='USA'}
Number of Courses: 3
------------------------
Student ID: 4241
Name: Qgxsolenlg Mqbbqfa
Birth Date: 2001-06-03
GPA: 1.429020395631682
Address: Address{street='Main St', city='New York', postalCode='10001', country='USA'}
Number of Courses: 1
------------------------
Student ID: 6359
Name: Xbput Bbxfpvzntoyvjen
Birth Date: 2000-06-03
GPA: 3.32556876905461
Address: Address{street='Oxford St', city='London', postalCode='W1D 2', country='UK'}
Number of Courses: 4
------------------------
Student ID: 7032
Name: Ngxapoc Lsgeqtcwoil
Birth Date: 1999-06-03
GPA: 3.8362220750286022
Address: Address{street='Champs-Élysées', city='Paris', postalCode='75008', country='France'}
Number of Courses: 2
------------------------
Student ID: 1845
Name: Vccfaetlzb Tismaoz
Birth Date: 2007-06-03
GPA: 3.941250991953024
Address: Address{street='Main St', city='New York', postalCode='10001', country='USA'}
Number of Courses: 2
------------------------
Student ID: 2661
Name: Wzexcpw Ofehr
Birth Date: 2002-06-03
GPA: 1.0294896642675666
Address: Address{street='Main St', city='New York', postalCode='10001', country='USA'}
Number of Courses: 2
------------------------
Student ID: 6393
Name: Lkuivhupid Xowdmhnruwpex
Birth Date: 2004-06-03
GPA: 1.0206395313632037
Address: Address{street='Champs-Élysées', city='Paris', postalCode='75008', country='France'}
Number of Courses: 3
------------------------
Student ID: 3185
Name: Thxwfxcw Vufmawxutcexbha
Birth Date: 2001-06-03
GPA: 1.9581814477065642
Address: Address{street='Champs-Élysées', city='Paris', postalCode='75008', country='France'}
Number of Courses: 1
------------------------
Student ID: 2162
Name: Rbiyhxjn Zdjdv
Birth Date: 2007-06-03
GPA: 3.965482890910156
Address: Address{street='Oxford St', city='London', postalCode='W1D 2', country='UK'}
Number of Courses: 3
------------------------
Student ID: 4317
Name: Gkfvvfp Gtywmocp
Birth Date: 1999-06-03
GPA: 3.440480985128394
Address: Address{street='Market St', city='San Francisco', postalCode='94105', country='USA'}
Number of Courses: 1
------------------------
Student ID: 2874
Name: Nvylvr Uvtrtjmwi
Birth Date: 2000-06-03
GPA: 1.8758687938059304
Address: Address{street='Broadway', city='Chicago', postalCode='60601', country='USA'}
Number of Courses: 2
------------------------
Student ID: 7354
Name: Iineut Nakzlq
Birth Date: 2000-06-03
GPA: 3.1594720748140688
Address: Address{street='Broadway', city='Chicago', postalCode='60601', country='USA'}
Number of Courses: 1
------------------------
Student ID: 4992
Name: Dwbji Itctnim
Birth Date: 2004-06-03
GPA: 2.3146565658267715
Address: Address{street='Oxford St', city='London', postalCode='W1D 2', country='UK'}
Number of Courses: 3
------------------------
Student ID: 1458
Name: Yoymhwr Xkqjnby
Birth Date: 2004-06-03
GPA: 1.8751387551192438
Address: Address{street='Champs-Élysées', city='Paris', postalCode='75008', country='France'}
Number of Courses: 4
------------------------
Student ID: 3024
Name: Zlleszqnwu Zcrlwk
Birth Date: 2003-06-03
GPA: 3.646063260243631
Address: Address{street='Main St', city='New York', postalCode='10001', country='USA'}
Number of Courses: 4
------------------------
Student ID: 4130
Name: Jihyj Nhdnn
Birth Date: 2003-06-03
GPA: 2.255996054206909
Address: Address{street='Main St', city='New York', postalCode='10001', country='USA'}
Number of Courses: 2
------------------------
Student ID: 2609
Name: Siebbmt Vdtjahmxvzft
Birth Date: 2002-06-03
GPA: 1.3860067068499236
Address: Address{street='Main St', city='New York', postalCode='10001', country='USA'}
Number of Courses: 1
------------------------
Student ID: 5466
Name: Bqrcgqh Autteozdwc
Birth Date: 2003-06-03
GPA: 2.6973582913844445
Address: Address{street='Main St', city='New York', postalCode='10001', country='USA'}
Number of Courses: 2
------------------------

Sorting by First Name (Anonymous Class):
Student{firstName='Aetutopij', lastName='Xcuvztsimy', studentId=9445, gpa=1.2155801769782275}
Student{firstName='Amdhqkaf', lastName='Kgenkp', studentId=2260, gpa=1.962675624371772}
Student{firstName='Anylzyk', lastName='Effolt', studentId=6454, gpa=1.2078780056324137}
Student{firstName='Atatew', lastName='Cgxsooqmtr', studentId=7688, gpa=3.658854740935502}
Student{firstName='Atupd', lastName='Fzkuizcrmwyssjh', studentId=7542, gpa=3.6855669322028737}
]]></system-out>
  </testcase>
  <testcase name="testLastNameComparator" classname="com.sorting.StudentSortingTest" time="0.012">
    <system-out><![CDATA[
Generated Test Students:
------------------------
Student ID: 4044
Name: Vjuaa Ethphaemujk
Birth Date: 2002-06-03
GPA: 2.920652249115811
Address: Address{street='Oxford St', city='London', postalCode='W1D 2', country='UK'}
Number of Courses: 3
------------------------
Student ID: 9503
Name: Vethozqhq Unurdp
Birth Date: 2004-06-03
GPA: 1.4447609915577506
Address: Address{street='Market St', city='San Francisco', postalCode='94105', country='USA'}
Number of Courses: 1
------------------------
Student ID: 8677
Name: Mwjlxodmp Fanbmodbod
Birth Date: 2005-06-03
GPA: 1.2997148257007367
Address: Address{street='Broadway', city='Chicago', postalCode='60601', country='USA'}
Number of Courses: 3
------------------------
Student ID: 2086
Name: Meshm Yjbrbbwggekpntx
Birth Date: 2006-06-03
GPA: 1.330658202640735
Address: Address{street='Broadway', city='Chicago', postalCode='60601', country='USA'}
Number of Courses: 1
------------------------
Student ID: 9885
Name: Zkrioqf Tscgjgcwuwgali
Birth Date: 1998-06-03
GPA: 1.1893064385028367
Address: Address{street='Champs-Élysées', city='Paris', postalCode='75008', country='France'}
Number of Courses: 1
------------------------
Student ID: 8286
Name: Lqorwpy Qjbwpivwdiopwz
Birth Date: 2001-06-03
GPA: 1.239583690611266
Address: Address{street='Broadway', city='Chicago', postalCode='60601', country='USA'}
Number of Courses: 3
------------------------
Student ID: 6761
Name: Fbttquhku Qlvbyscxaxqqrw
Birth Date: 2002-06-03
GPA: 2.0021699345253814
Address: Address{street='Oxford St', city='London', postalCode='W1D 2', country='UK'}
Number of Courses: 2
------------------------
Student ID: 5473
Name: Uumpvul Wdcvh
Birth Date: 2003-06-03
GPA: 1.1378063934972782
Address: Address{street='Oxford St', city='London', postalCode='W1D 2', country='UK'}
Number of Courses: 3
------------------------
Student ID: 7006
Name: Mluvqkvpae Ixqxsaoq
Birth Date: 1999-06-03
GPA: 2.9021285726428494
Address: Address{street='Market St', city='San Francisco', postalCode='94105', country='USA'}
Number of Courses: 4
------------------------
Student ID: 8988
Name: Ajwis Vgfoo
Birth Date: 2002-06-03
GPA: 2.110171259355035
Address: Address{street='Broadway', city='Chicago', postalCode='60601', country='USA'}
Number of Courses: 2
------------------------
Student ID: 8856
Name: Lmfitlyfj Rhumfdxq
Birth Date: 2004-06-03
GPA: 2.4662686301813905
Address: Address{street='Oxford St', city='London', postalCode='W1D 2', country='UK'}
Number of Courses: 2
------------------------
Student ID: 7093
Name: Hlnfosga Jqporurevz
Birth Date: 2000-06-03
GPA: 2.0113208660849202
Address: Address{street='Main St', city='New York', postalCode='10001', country='USA'}
Number of Courses: 1
------------------------
Student ID: 7208
Name: Snyidsm Zljgjcaibfvp
Birth Date: 2005-06-03
GPA: 3.7323290953986246
Address: Address{street='Market St', city='San Francisco', postalCode='94105', country='USA'}
Number of Courses: 2
------------------------
Student ID: 3438
Name: Fcwtxr Olgvyxppkuz
Birth Date: 2006-06-03
GPA: 2.9857647720893072
Address: Address{street='Market St', city='San Francisco', postalCode='94105', country='USA'}
Number of Courses: 3
------------------------
Student ID: 5836
Name: Mvjolepph Ihjtsinm
Birth Date: 2007-06-03
GPA: 1.972107384844111
Address: Address{street='Oxford St', city='London', postalCode='W1D 2', country='UK'}
Number of Courses: 4
------------------------
Student ID: 9184
Name: Krbofrfh Baqowgiea
Birth Date: 1998-06-03
GPA: 3.038682423724751
Address: Address{street='Oxford St', city='London', postalCode='W1D 2', country='UK'}
Number of Courses: 3
------------------------
Student ID: 3612
Name: Iqzybqks Dmhgchhcoqhhlo
Birth Date: 1999-06-03
GPA: 3.7725589099444012
Address: Address{street='Main St', city='New York', postalCode='10001', country='USA'}
Number of Courses: 4
------------------------
Student ID: 5416
Name: Rsfuy Gnqprq
Birth Date: 2004-06-03
GPA: 2.8989064603192136
Address: Address{street='Broadway', city='Chicago', postalCode='60601', country='USA'}
Number of Courses: 1
------------------------
Student ID: 1296
Name: Cxcjcv Ovpcziuteftzvvk
Birth Date: 2003-06-03
GPA: 3.3174878758441224
Address: Address{street='Champs-Élysées', city='Paris', postalCode='75008', country='France'}
Number of Courses: 4
------------------------
Student ID: 8277
Name: Ykyre Tadssqctsgkxgx
Birth Date: 2005-06-03
GPA: 2.9094312076135345
Address: Address{street='Main St', city='New York', postalCode='10001', country='USA'}
Number of Courses: 4
------------------------
Student ID: 2463
Name: Pyhhu Yhtzewyabg
Birth Date: 2000-06-03
GPA: 1.4760569142462368
Address: Address{street='Oxford St', city='London', postalCode='W1D 2', country='UK'}
Number of Courses: 3
------------------------
Student ID: 5384
Name: Lrxlxvhjs Tqiztajxvklqqt
Birth Date: 1998-06-03
GPA: 1.348743678135265
Address: Address{street='Champs-Élysées', city='Paris', postalCode='75008', country='France'}
Number of Courses: 2
------------------------
Student ID: 7647
Name: Qlyvvcuue Kyzuxwot
Birth Date: 2001-06-03
GPA: 3.0533808886110108
Address: Address{street='Champs-Élysées', city='Paris', postalCode='75008', country='France'}
Number of Courses: 2
------------------------
Student ID: 1880
Name: Zehxkpg Hurgaoqzha
Birth Date: 2007-06-03
GPA: 1.6159924836139457
Address: Address{street='Champs-Élysées', city='Paris', postalCode='75008', country='France'}
Number of Courses: 1
------------------------
Student ID: 1309
Name: Zvekzoxp Zglnfx
Birth Date: 2004-06-03
GPA: 3.489775372700869
Address: Address{street='Broadway', city='Chicago', postalCode='60601', country='USA'}
Number of Courses: 1
------------------------
Student ID: 6119
Name: Saewoxlal Lmfpczbvt
Birth Date: 2000-06-03
GPA: 3.0388942232644958
Address: Address{street='Main St', city='New York', postalCode='10001', country='USA'}
Number of Courses: 4
------------------------
Student ID: 5122
Name: Uxkbfbi Kzjlm
Birth Date: 2004-06-03
GPA: 3.6135690190269107
Address: Address{street='Broadway', city='Chicago', postalCode='60601', country='USA'}
Number of Courses: 4
------------------------
Student ID: 7165
Name: Egexvkkp Jnuwnfxeivwpwy
Birth Date: 1999-06-03
GPA: 2.703265882765846
Address: Address{street='Broadway', city='Chicago', postalCode='60601', country='USA'}
Number of Courses: 1
------------------------
Student ID: 3747
Name: Tlrxp Stykrsin
Birth Date: 2004-06-03
GPA: 1.6862755844313455
Address: Address{street='Main St', city='New York', postalCode='10001', country='USA'}
Number of Courses: 4
------------------------
Student ID: 3069
Name: Wlbemd Zucviuzuzpngifs
Birth Date: 2007-06-03
GPA: 2.8147674022601343
Address: Address{street='Main St', city='New York', postalCode='10001', country='USA'}
Number of Courses: 1
------------------------
Student ID: 5626
Name: Gammwlj Fkgbssdreigf
Birth Date: 2003-06-03
GPA: 3.616923581855848
Address: Address{street='Oxford St', city='London', postalCode='W1D 2', country='UK'}
Number of Courses: 1
------------------------
Student ID: 3597
Name: Ivxegtbdm Oerlyrubkqjvwz
Birth Date: 2003-06-03
GPA: 1.0005087587517654
Address: Address{street='Market St', city='San Francisco', postalCode='94105', country='USA'}
Number of Courses: 4
------------------------
Student ID: 9574
Name: Ekfkvbpbcn Krebbviutqkbrqa
Birth Date: 2003-06-03
GPA: 3.6799949635954685
Address: Address{street='Champs-Élysées', city='Paris', postalCode='75008', country='France'}
Number of Courses: 1
------------------------
Student ID: 3339
Name: Thtceofce Mdbgwlaxrypage
Birth Date: 1999-06-03
GPA: 1.683985754422756
Address: Address{street='Champs-Élysées', city='Paris', postalCode='75008', country='France'}
Number of Courses: 3
------------------------
Student ID: 4785
Name: Otytfdhlkq Nhwjc
Birth Date: 2000-06-03
GPA: 1.2813405759711842
Address: Address{street='Oxford St', city='London', postalCode='W1D 2', country='UK'}
Number of Courses: 1
------------------------
Student ID: 5818
Name: Vxpvxufb Kudzrloscd
Birth Date: 2007-06-03
GPA: 3.3305656964541077
Address: Address{street='Oxford St', city='London', postalCode='W1D 2', country='UK'}
Number of Courses: 1
------------------------
Student ID: 2352
Name: Dkgfhltekx Ombhhw
Birth Date: 2003-06-03
GPA: 3.406550559980631
Address: Address{street='Main St', city='New York', postalCode='10001', country='USA'}
Number of Courses: 1
------------------------
Student ID: 5195
Name: Nlupcg Zivykczurm
Birth Date: 2000-06-03
GPA: 3.521230329267494
Address: Address{street='Broadway', city='Chicago', postalCode='60601', country='USA'}
Number of Courses: 1
------------------------
Student ID: 8500
Name: Qqyifx Mfkefmnlnoidt
Birth Date: 2000-06-03
GPA: 2.8376038600791427
Address: Address{street='Champs-Élysées', city='Paris', postalCode='75008', country='France'}
Number of Courses: 4
------------------------
Student ID: 6021
Name: Ncazogzjis Lydnjxushfdzq
Birth Date: 2004-06-03
GPA: 1.2086845913072186
Address: Address{street='Main St', city='New York', postalCode='10001', country='USA'}
Number of Courses: 1
------------------------
Student ID: 7865
Name: Ijalaz Wzfspddt
Birth Date: 2001-06-03
GPA: 3.8904075467077437
Address: Address{street='Broadway', city='Chicago', postalCode='60601', country='USA'}
Number of Courses: 3
------------------------
Student ID: 1397
Name: Bkeejb Bdatixcrnhqipd
Birth Date: 2000-06-03
GPA: 1.0440812872658745
Address: Address{street='Main St', city='New York', postalCode='10001', country='USA'}
Number of Courses: 1
------------------------
Student ID: 8040
Name: Pkago Bijlwuhzr
Birth Date: 1999-06-03
GPA: 2.490936264129573
Address: Address{street='Market St', city='San Francisco', postalCode='94105', country='USA'}
Number of Courses: 1
------------------------
Student ID: 9125
Name: Jusdwxv Negkidqdzjqsjph
Birth Date: 2001-06-03
GPA: 1.1489510225175619
Address: Address{street='Oxford St', city='London', postalCode='W1D 2', country='UK'}
Number of Courses: 4
------------------------
Student ID: 8030
Name: Gmalkidlnx Omcdoenjilsma
Birth Date: 2005-06-03
GPA: 3.9086809935215467
[...]
Number of Courses: 3
------------------------
Student ID: 6591
Name: Skhmm Owbtlxsaboyjkks
Birth Date: 2003-06-03
GPA: 1.6072052859936128
Address: Address{street='Market St', city='San Francisco', postalCode='94105', country='USA'}
Number of Courses: 2
------------------------
Student ID: 2940
Name: Acsqccmhl Eygyjfat
Birth Date: 1998-06-03
GPA: 1.0392738284446676
Address: Address{street='Market St', city='San Francisco', postalCode='94105', country='USA'}
Number of Courses: 2
------------------------
Student ID: 4213
Name: Lpzbybie Xclex
Birth Date: 2002-06-03
GPA: 3.025625108318416
Address: Address{street='Main St', city='New York', postalCode='10001', country='USA'}
Number of Courses: 4
------------------------
Student ID: 7590
Name: Rbxwg Ikjczfpajcigbb
Birth Date: 2000-06-03
GPA: 3.440150917286503
Address: Address{street='Main St', city='New York', postalCode='10001', country='USA'}
Number of Courses: 1
------------------------
Student ID: 5688
Name: Rqtbzoqzh Cagklxkjmeviwlu
Birth Date: 2001-06-03
GPA: 3.8376839137768535
Address: Address{street='Market St', city='San Francisco', postalCode='94105', country='USA'}
Number of Courses: 4
------------------------
Student ID: 5766
Name: Gdhqrwueb Iydrw
Birth Date: 2006-06-03
GPA: 1.118241439227707
Address: Address{street='Oxford St', city='London', postalCode='W1D 2', country='UK'}
Number of Courses: 2
------------------------
Student ID: 5085
Name: Ohfyii Rahaw
Birth Date: 1998-06-03
GPA: 2.882035515052867
Address: Address{street='Broadway', city='Chicago', postalCode='60601', country='USA'}
Number of Courses: 3
------------------------
Student ID: 7786
Name: Uxitrwtdvr Xxkveheglx
Birth Date: 2003-06-03
GPA: 2.8577521176037948
Address: Address{street='Main St', city='New York', postalCode='10001', country='USA'}
Number of Courses: 1
------------------------
Student ID: 4709
Name: Kjczxsll Xazyvsqefkeo
Birth Date: 2003-06-03
GPA: 3.8569187538268936
Address: Address{street='Main St', city='New York', postalCode='10001', country='USA'}
Number of Courses: 3
------------------------
Student ID: 4926
Name: Ovdnwshnby Fordcopojacx
Birth Date: 2001-06-03
GPA: 1.6980927470244815
Address: Address{street='Main St', city='New York', postalCode='10001', country='USA'}
Number of Courses: 3
------------------------
Student ID: 9701
Name: Gvqpnmsk Gukqnnhqaqdg
Birth Date: 2000-06-03
GPA: 1.6683075411412407
Address: Address{street='Market St', city='San Francisco', postalCode='94105', country='USA'}
Number of Courses: 3
------------------------
Student ID: 1122
Name: Bvxjbx Yxlvkqiwnzwruj
Birth Date: 2001-06-03
GPA: 1.7885970138784637
Address: Address{street='Broadway', city='Chicago', postalCode='60601', country='USA'}
Number of Courses: 3
------------------------
Student ID: 2176
Name: Tahbrm Trcdqtp
Birth Date: 2003-06-03
GPA: 3.581784473066461
Address: Address{street='Market St', city='San Francisco', postalCode='94105', country='USA'}
Number of Courses: 3
------------------------
Student ID: 3106
Name: Wuhza Jyrmjstoqlvvraw
Birth Date: 2001-06-03
GPA: 3.8862417862601637
Address: Address{street='Broadway', city='Chicago', postalCode='60601', country='USA'}
Number of Courses: 4
------------------------
Student ID: 7640
Name: Iqmgvrp Jtzjhafhqyf
Birth Date: 2007-06-03
GPA: 1.5763706184909427
Address: Address{street='Market St', city='San Francisco', postalCode='94105', country='USA'}
Number of Courses: 3
------------------------
Student ID: 8765
Name: Phfxapiq Joswfljfnox
Birth Date: 2007-06-03
GPA: 3.8902531850066024
Address: Address{street='Main St', city='New York', postalCode='10001', country='USA'}
Number of Courses: 3
------------------------
Student ID: 8480
Name: Cgvaztym Jnxetd
Birth Date: 2002-06-03
GPA: 3.9999367731018687
Address: Address{street='Market St', city='San Francisco', postalCode='94105', country='USA'}
Number of Courses: 3
------------------------
Student ID: 5547
Name: Txpqqc Xccjugv
Birth Date: 2007-06-03
GPA: 3.8045974251944408
Address: Address{street='Champs-Élysées', city='Paris', postalCode='75008', country='France'}
Number of Courses: 4
------------------------
Student ID: 2977
Name: Rtgmj Hqlbhlgcotpwo
Birth Date: 2005-06-03
GPA: 1.6521724076542752
Address: Address{street='Oxford St', city='London', postalCode='W1D 2', country='UK'}
Number of Courses: 4
------------------------
Student ID: 3956
Name: Gjcgsblp Djgummxv
Birth Date: 1998-06-03
GPA: 3.667820781334427
Address: Address{street='Market St', city='San Francisco', postalCode='94105', country='USA'}
Number of Courses: 3
------------------------
Student ID: 1966
Name: Zgkwibtk Yvzwcycalztscc
Birth Date: 2004-06-03
GPA: 1.1284137484997026
Address: Address{street='Broadway', city='Chicago', postalCode='60601', country='USA'}
Number of Courses: 2
------------------------
Student ID: 3823
Name: Vykmqn Zzcwulg
Birth Date: 2003-06-03
GPA: 1.2983242085108446
Address: Address{street='Market St', city='San Francisco', postalCode='94105', country='USA'}
Number of Courses: 2
------------------------
Student ID: 6272
Name: Iwootc Nwpscjnv
Birth Date: 2007-06-03
GPA: 3.6744351881790376
Address: Address{street='Oxford St', city='London', postalCode='W1D 2', country='UK'}
Number of Courses: 2
------------------------
Student ID: 2406
Name: Edsrl Igzfuxc
Birth Date: 2007-06-03
GPA: 2.686010876491917
Address: Address{street='Champs-Élysées', city='Paris', postalCode='75008', country='France'}
Number of Courses: 1
------------------------
Student ID: 5250
Name: Woihejcswy Zifqrokqdttydc
Birth Date: 1999-06-03
GPA: 3.506400712411841
Address: Address{street='Champs-Élysées', city='Paris', postalCode='75008', country='France'}
Number of Courses: 2
------------------------
Student ID: 1603
Name: Eedkx Ofqpxuoeo
Birth Date: 2000-06-03
GPA: 3.868297651531278
Address: Address{street='Champs-Élysées', city='Paris', postalCode='75008', country='France'}
Number of Courses: 3
------------------------
Student ID: 9142
Name: Vasuyfz Burijabobizmgw
Birth Date: 2001-06-03
GPA: 1.7235632321993126
Address: Address{street='Main St', city='New York', postalCode='10001', country='USA'}
Number of Courses: 4
------------------------
Student ID: 7048
Name: Ysixnmoqnb Frxywbrvwnofpd
Birth Date: 2004-06-03
GPA: 1.9018279535559284
Address: Address{street='Main St', city='New York', postalCode='10001', country='USA'}
Number of Courses: 4
------------------------
Student ID: 8563
Name: Hwwqn Poyorygb
Birth Date: 2002-06-03
GPA: 2.501764352339683
Address: Address{street='Champs-Élysées', city='Paris', postalCode='75008', country='France'}
Number of Courses: 4
------------------------
Student ID: 2040
Name: Dqgonyhh Tbvzmvafbtqppbu
Birth Date: 2007-06-03
GPA: 2.3875855171132363
Address: Address{street='Champs-Élysées', city='Paris', postalCode='75008', country='France'}
Number of Courses: 3
------------------------
Student ID: 6127
Name: Etgyz Nhgptrgg
Birth Date: 2006-06-03
GPA: 1.714470518902165
Address: Address{street='Broadway', city='Chicago', postalCode='60601', country='USA'}
Number of Courses: 2
------------------------
Student ID: 3857
Name: Cbtnpudz Ikajyxuutcigcds
Birth Date: 2001-06-03
GPA: 3.8677872098777506
Address: Address{street='Champs-Élysées', city='Paris', postalCode='75008', country='France'}
Number of Courses: 2
------------------------
Student ID: 7232
Name: Jwyzvkyxko Pwgyytidca
Birth Date: 2004-06-03
GPA: 1.8643001526469105
Address: Address{street='Market St', city='San Francisco', postalCode='94105', country='USA'}
Number of Courses: 4
------------------------
Student ID: 1176
Name: Jadwpnn Fecvtwtisqm
Birth Date: 2000-06-03
GPA: 2.863118309136648
Address: Address{street='Market St', city='San Francisco', postalCode='94105', country='USA'}
Number of Courses: 3
------------------------
Student ID: 5868
Name: Wiyrbvce Tnweyptuxhhns
Birth Date: 2006-06-03
GPA: 3.9131580711317926
Address: Address{street='Main St', city='New York', postalCode='10001', country='USA'}
Number of Courses: 1
------------------------
Student ID: 9590
Name: Vmoumsdsy Zultv
Birth Date: 2001-06-03
GPA: 3.195640896903838
Address: Address{street='Oxford St', city='London', postalCode='W1D 2', country='UK'}
Number of Courses: 2
------------------------
Student ID: 8344
Name: Uxqbhgcik Kcgmbojcbvsbwx
Birth Date: 1999-06-03
GPA: 1.8197263667660826
Address: Address{street='Oxford St', city='London', postalCode='W1D 2', country='UK'}
Number of Courses: 3
------------------------
Student ID: 3937
Name: Vclcu Ddkjzu
Birth Date: 1998-06-03
GPA: 1.4205097300193725
Address: Address{street='Market St', city='San Francisco', postalCode='94105', country='USA'}
Number of Courses: 1
------------------------
Student ID: 6409
Name: Wlaisqwoo Vejtqufwnysljoi
Birth Date: 2002-06-03
GPA: 2.923325225668681
Address: Address{street='Champs-Élysées', city='Paris', postalCode='75008', country='France'}
Number of Courses: 1
------------------------
Student ID: 2878
Name: Xyzibpmbbu Ipqpmae
Birth Date: 2004-06-03
GPA: 1.1692540619468952
Address: Address{street='Main St', city='New York', postalCode='10001', country='USA'}
Number of Courses: 2
------------------------
Student ID: 4586
Name: Hfiufqp Sjobgo
Birth Date: 2000-06-03
GPA: 3.7381128250533817
Address: Address{street='Champs-Élysées', city='Paris', postalCode='75008', country='France'}
Number of Courses: 2
------------------------
Student ID: 6386
Name: Dyrkplebl Ywziaqz
Birth Date: 2000-06-03
GPA: 1.613729235805188
Address: Address{street='Broadway', city='Chicago', postalCode='60601', country='USA'}
Number of Courses: 1
------------------------
Student ID: 5091
Name: Mrwss Ryvnsxkkubahn
Birth Date: 2006-06-03
GPA: 2.884560733678512
Address: Address{street='Broadway', city='Chicago', postalCode='60601', country='USA'}
Number of Courses: 3
------------------------
Student ID: 9587
Name: Dnkwprl Miunitxmeebxh
Birth Date: 2002-06-03
GPA: 3.987666924882603
Address: Address{street='Broadway', city='Chicago', postalCode='60601', country='USA'}
Number of Courses: 3
------------------------
Student ID: 7166
Name: Zvnqvfjp Fizjudgflqqry
Birth Date: 2006-06-03
GPA: 2.240949885632147
Address: Address{street='Market St', city='San Francisco', postalCode='94105', country='USA'}
Number of Courses: 2
------------------------
Student ID: 7805
Name: Bhemlpg Eilacgqrdbcd
Birth Date: 2005-06-03
GPA: 1.3615956083936105
Address: Address{street='Market St', city='San Francisco', postalCode='94105', country='USA'}
Number of Courses: 4
------------------------
Student ID: 4599
Name: Dxahkexh Hnzcruzn
Birth Date: 1999-06-03
GPA: 3.398884597597519
Address: Address{street='Oxford St', city='London', postalCode='W1D 2', country='UK'}
Number of Courses: 3
------------------------
Student ID: 4457
Name: Yqusowlxwr Hwosxwf
Birth Date: 2003-06-03
GPA: 2.478154059980305
Address: Address{street='Market St', city='San Francisco', postalCode='94105', country='USA'}
Number of Courses: 4
------------------------
Student ID: 8206
Name: Gisqr Sunauxf
Birth Date: 1998-06-03
GPA: 1.018554848582303
Address: Address{street='Champs-Élysées', city='Paris', postalCode='75008', country='France'}
Number of Courses: 3
------------------------
Student ID: 1584
Name: Lspijf Lvgqhdiryzdq
Birth Date: 2004-06-03
GPA: 2.445965480396168
Address: Address{street='Champs-Élysées', city='Paris', postalCode='75008', country='France'}
Number of Courses: 1
------------------------
Student ID: 8205
Name: Qqwxeybti Clfbcenxxpczgh
Birth Date: 2007-06-03
GPA: 2.5529625423959774
Address: Address{street='Main St', city='New York', postalCode='10001', country='USA'}
Number of Courses: 4
------------------------
Student ID: 4410
Name: Upihuabjqq Mqbjeofaw
Birth Date: 2004-06-03
GPA: 1.4367407957842668
Address: Address{street='Broadway', city='Chicago', postalCode='60601', country='USA'}
Number of Courses: 3
------------------------
Student ID: 7690
Name: Mrosndswa Lfxawbpe
Birth Date: 2006-06-03
GPA: 2.750803679187996
Address: Address{street='Broadway', city='Chicago', postalCode='60601', country='USA'}
Number of Courses: 2
------------------------
Student ID: 3172
Name: Rpibvgwnf Agufrutiljzrr
Birth Date: 2004-06-03
GPA: 3.5285785554793216
Address: Address{street='Market St', city='San Francisco', postalCode='94105', country='USA'}
Number of Courses: 1
------------------------
Student ID: 1670
Name: Vggytxizdf Tnsxdmknupvmb
Birth Date: 2000-06-03
GPA: 3.7689745402460573
Address: Address{street='Broadway', city='Chicago', postalCode='60601', country='USA'}
Number of Courses: 1
------------------------
Student ID: 1577
Name: Figmdtubq Yrzabckfzghyun
Birth Date: 2002-06-03
GPA: 3.5975283282167934
Address: Address{street='Oxford St', city='London', postalCode='W1D 2', country='UK'}
Number of Courses: 2
------------------------
Student ID: 5406
Name: Nrlwxznb Iytocukcl
Birth Date: 2004-06-03
GPA: 1.912541444001699
Address: Address{street='Main St', city='New York', postalCode='10001', country='USA'}
Number of Courses: 3
------------------------
Student ID: 4585
Name: Pnypcqb Ocvzybeyvb
Birth Date: 2005-06-03
GPA: 3.6843847435059325
Address: Address{street='Broadway', city='Chicago', postalCode='60601', country='USA'}
Number of Courses: 2
------------------------
Student ID: 4679
Name: Qzmmooibd Tdztvumaauwnkwy
Birth Date: 2003-06-03
GPA: 3.973384192573692
Address: Address{street='Oxford St', city='London', postalCode='W1D 2', country='UK'}
Number of Courses: 2
------------------------
Student ID: 6283
Name: Fnkmtqspjf Pzcodjirnxueusf
Birth Date: 2001-06-03
GPA: 3.748979543653168
Address: Address{street='Oxford St', city='London', postalCode='W1D 2', country='UK'}
Number of Courses: 2
------------------------
Student ID: 8825
Name: Ckwmqzscac Kiuwj
Birth Date: 2002-06-03
GPA: 3.614510908171061
Address: Address{street='Main St', city='New York', postalCode='10001', country='USA'}
Number of Courses: 3
------------------------
Student ID: 3741
Name: Ttfbqipk Qkbyb
Birth Date: 2000-06-03
GPA: 3.3417475958426093
Address: Address{street='Oxford St', city='London', postalCode='W1D 2', country='UK'}
Number of Courses: 4
------------------------
Student ID: 5787
Name: Gnenovgue Qieanbkrozybov
Birth Date: 2001-06-03
GPA: 1.3535285105114383
Address: Address{street='Main St', city='New York', postalCode='10001', country='USA'}
Number of Courses: 4
------------------------
Student ID: 3542
Name: Rdtjgtdzm Ijukyquavltnckp
Birth Date: 2006-06-03
GPA: 1.0054546067764194
Address: Address{street='Champs-Élysées', city='Paris', postalCode='75008', country='France'}
Number of Courses: 1
------------------------
Student ID: 7344
Name: Enpzmg Sdnsycxw
Birth Date: 2003-06-03
GPA: 2.0060160389155235
Address: Address{street='Broadway', city='Chicago', postalCode='60601', country='USA'}
Number of Courses: 3
------------------------
Student ID: 5825
Name: Ezydlyay Lnbxwqmmvwa
Birth Date: 2003-06-03
GPA: 3.433708538845986
Address: Address{street='Oxford St', city='London', postalCode='W1D 2', country='UK'}
Number of Courses: 1
------------------------
Student ID: 4980
Name: Sbjlzop Kgrxxlolqlx
Birth Date: 1999-06-03
GPA: 2.280479007441574
Address: Address{street='Oxford St', city='London', postalCode='W1D 2', country='UK'}
Number of Courses: 3
------------------------
Student ID: 2975
Name: Cbkcfqh Gsujiinvlnd
Birth Date: 2001-06-03
GPA: 3.1437638318742667
Address: Address{street='Market St', city='San Francisco', postalCode='94105', country='USA'}
Number of Courses: 4
------------------------
Student ID: 4153
Name: Jjiclkof Xugzv
Birth Date: 2001-06-03
GPA: 1.3917765054113191
Address: Address{street='Oxford St', city='London', postalCode='W1D 2', country='UK'}
Number of Courses: 2
------------------------
Student ID: 9555
Name: Fsumzmbea Zoymlrnmijb
Birth Date: 2006-06-03
GPA: 2.818288221077152
Address: Address{street='Oxford St', city='London', postalCode='W1D 2', country='UK'}
Number of Courses: 4
------------------------
Student ID: 9602
Name: Awlbfujlm Spodnuqvcdnxt
Birth Date: 2005-06-03
GPA: 3.4552886867398893
Address: Address{street='Champs-Élysées', city='Paris', postalCode='75008', country='France'}
Number of Courses: 3
------------------------
Student ID: 6372
Name: Gvpjuen Gnfpkprjd
Birth Date: 2007-06-03
GPA: 1.3539332533665425
Address: Address{street='Main St', city='New York', postalCode='10001', country='USA'}
Number of Courses: 1
------------------------
Student ID: 3649
Name: Dryomnzuum Ixwnve
Birth Date: 2006-06-03
GPA: 3.4206376069794393
Address: Address{street='Champs-Élysées', city='Paris', postalCode='75008', country='France'}
Number of Courses: 2
------------------------
Student ID: 4594
Name: Prlgc Zhzlhwdpf
Birth Date: 2007-06-03
GPA: 2.782863703291548
Address: Address{street='Main St', city='New York', postalCode='10001', country='USA'}
Number of Courses: 4
------------------------
Student ID: 5508
Name: Yzfrfhymtx Zuflcwnmimwzx
Birth Date: 2002-06-03
GPA: 2.2374710074606785
Address: Address{street='Champs-Élysées', city='Paris', postalCode='75008', country='France'}
Number of Courses: 4
------------------------
Student ID: 6127
Name: Hzhwnbhe Oscoawlxfvgfz
Birth Date: 2004-06-03
GPA: 1.9444068098298792
Address: Address{street='Oxford St', city='London', postalCode='W1D 2', country='UK'}
Number of Courses: 3
------------------------
Student ID: 5892
Name: Vkgle Bmcuqmrhxsvhka
Birth Date: 2007-06-03
GPA: 1.637264645766886
Address: Address{street='Champs-Élysées', city='Paris', postalCode='75008', country='France'}
Number of Courses: 2
------------------------
Student ID: 4585
Name: Wqpog Obutbewftkmj
Birth Date: 2005-06-03
GPA: 3.818511166115098
Address: Address{street='Champs-Élysées', city='Paris', postalCode='75008', country='France'}
Number of Courses: 3
------------------------
Student ID: 9337
Name: Aoxfjvulqd Uokioudmgqvyw
Birth Date: 2002-06-03
GPA: 1.170521984065396
Address: Address{street='Broadway', city='Chicago', postalCode='60601', country='USA'}
Number of Courses: 2
------------------------
Student ID: 2624
Name: Ajxraieu Pgaektdhac
Birth Date: 2001-06-03
GPA: 2.0605997151189035
Address: Address{street='Main St', city='New York', postalCode='10001', country='USA'}
Number of Courses: 2
------------------------
Student ID: 5180
Name: Uyggnhs Bkbtffuuveyeg
Birth Date: 2005-06-03
GPA: 2.197728518566296
Address: Address{street='Champs-Élysées', city='Paris', postalCode='75008', country='France'}
Number of Courses: 1
------------------------
Student ID: 5138
Name: Dgehmlmts Ahhnc
Birth Date: 2004-06-03
GPA: 3.388389210795898
Address: Address{street='Broadway', city='Chicago', postalCode='60601', country='USA'}
Number of Courses: 4
------------------------
Student ID: 8093
Name: Nnkumss Ybyku
Birth Date: 2002-06-03
GPA: 3.396103628841221
Address: Address{street='Oxford St', city='London', postalCode='W1D 2', country='UK'}
Number of Courses: 1
------------------------
Student ID: 4119
Name: Mckmmwicbh Zncqtwvrocavtyr
Birth Date: 2005-06-03
GPA: 2.725122877532413
Address: Address{street='Broadway', city='Chicago', postalCode='60601', country='USA'}
Number of Courses: 2
------------------------
Student ID: 6563
Name: Siqidkzyzd Wflxmsffpzkjlw
Birth Date: 2001-06-03
GPA: 1.74142011621353
Address: Address{street='Oxford St', city='London', postalCode='W1D 2', country='UK'}
Number of Courses: 2
------------------------
Student ID: 2152
Name: Tzfky Leudyx
Birth Date: 2004-06-03
GPA: 1.3381821818961877
Address: Address{street='Champs-Élysées', city='Paris', postalCode='75008', country='France'}
Number of Courses: 4
------------------------

Sorting by Birth Date (Lambda):
Student{firstName='Gfkfmel', lastName='Acchlrmtu', studentId=6565, gpa=1.6893088966694145}
Student{firstName='Tikndxb', lastName='Cipcftydooxkvaq', studentId=4058, gpa=1.3917033529760312}
Student{firstName='Dsrun', lastName='Xltdrcoqinyeq', studentId=9337, gpa=1.1885653673531922}
Student{firstName='Acsqccmhl', lastName='Eygyjfat', studentId=2940, gpa=1.0392738284446676}
Student{firstName='Ohfyii', lastName='Rahaw', studentId=5085, gpa=2.882035515052867}
]]></system-out>
  </testcase>
</testsuite>